2024-03-28 17:27:22.853 [error] [uncaught exception in main]: /lib/x86_64-linux-gnu/libc.so.6: version `GLIBC_2.28' not found (required by /usr/share/code/resources/app/node_modules.asar.unpacked/@vscode/sqlite3/build/Release/vscode-sqlite3.node): Error: /lib/x86_64-linux-gnu/libc.so.6: version `GLIBC_2.28' not found (required by /usr/share/code/resources/app/node_modules.asar.unpacked/@vscode/sqlite3/build/Release/vscode-sqlite3.node)
    at process.func [as dlopen] (node:electron/js2c/node_init:2:2107)
    at Object.<anonymous> (node:internal/modules/cjs/loader:1356:18)
    at Object.func [as .node] (node:electron/js2c/node_init:2:2334)
    at Module.load (node:internal/modules/cjs/loader:1126:32)
    at node:internal/modules/cjs/loader:967:12
    at Function._load (node:electron/js2c/node_init:2:13357)
    at Module.require (node:internal/modules/cjs/loader:1150:19)
    at v (/usr/share/code/resources/app/out/main.js:5:647)
    at Object.<anonymous> (/usr/share/code/resources/app/node_modules.asar/@vscode/sqlite3/lib/sqlite3-binding.js:4:17)
    at a._compile (/usr/share/code/resources/app/out/main.js:5:1257)
    at Object..js (node:internal/modules/cjs/loader:1326:10)
    at Module.load (node:internal/modules/cjs/loader:1126:32)
    at node:internal/modules/cjs/loader:967:12
    at Function._load (node:electron/js2c/node_init:2:13357)
    at Module.require (node:internal/modules/cjs/loader:1150:19)
    at v (/usr/share/code/resources/app/out/main.js:5:647)
    at Object.<anonymous> (/usr/share/code/resources/app/node_modules.asar/@vscode/sqlite3/lib/sqlite3.js:2:17)
    at a._compile (/usr/share/code/resources/app/out/main.js:5:1257)
    at Object..js (node:internal/modules/cjs/loader:1326:10)
    at Module.load (node:internal/modules/cjs/loader:1126:32)
    at node:internal/modules/cjs/loader:967:12
    at Function._load (node:electron/js2c/node_init:2:13357)
    at Module.require (node:internal/modules/cjs/loader:1150:19)
    at require (node:internal/modules/cjs/helpers:121:18)
    at r (/usr/share/code/resources/app/out/main.js:6:98)
    at n.load (/usr/share/code/resources/app/out/main.js:5:1637)
    at u.load (/usr/share/code/resources/app/out/main.js:4:13565)
    at a (/usr/share/code/resources/app/out/main.js:6:9338)
    at Object.errorback (/usr/share/code/resources/app/out/main.js:6:9457)
    at u.triggerErrorback (/usr/share/code/resources/app/out/main.js:4:13859)
    at /usr/share/code/resources/app/out/main.js:4:13610
    at n.load (/usr/share/code/resources/app/out/main.js:5:1654)
    at u.load (/usr/share/code/resources/app/out/main.js:4:13565)
    at a (/usr/share/code/resources/app/out/main.js:6:9338)
    at h._loadModule (/usr/share/code/resources/app/out/main.js:6:9466)
    at h._resolve (/usr/share/code/resources/app/out/main.js:7:452)
    at h.defineModule (/usr/share/code/resources/app/out/main.js:6:5561)
    at h._relativeRequire (/usr/share/code/resources/app/out/main.js:6:6185)
    at e (/usr/share/code/resources/app/out/main.js:6:8516)
    at /usr/share/code/resources/app/out/vs/code/electron-main/main.js:42:31655
    at new Promise (<anonymous>)
    at /usr/share/code/resources/app/out/vs/code/electron-main/main.js:42:31635
    at new Promise (<anonymous>)
    at P.p (/usr/share/code/resources/app/out/vs/code/electron-main/main.js:42:31615)
    at P.n (/usr/share/code/resources/app/out/vs/code/electron-main/main.js:42:31167)
    at new P (/usr/share/code/resources/app/out/vs/code/electron-main/main.js:42:28770)
    at $.t (/usr/share/code/resources/app/out/vs/code/electron-main/main.js:105:81669)
    at /usr/share/code/resources/app/out/vs/code/electron-main/main.js:105:80136
    at $.init (/usr/share/code/resources/app/out/vs/code/electron-main/main.js:105:80456)
    at v.value (/usr/share/code/resources/app/out/vs/code/electron-main/main.js:107:29152)
    at f.y (/usr/share/code/resources/app/out/vs/code/electron-main/main.js:35:1902)
    at f.z (/usr/share/code/resources/app/out/vs/code/electron-main/main.js:35:1972)
    at f.fire (/usr/share/code/resources/app/out/vs/code/electron-main/main.js:35:2188)
    at v.value (/usr/share/code/resources/app/out/vs/code/electron-main/main.js:107:21986)
    at f.y (/usr/share/code/resources/app/out/vs/code/electron-main/main.js:35:1902)
    at f.fire (/usr/share/code/resources/app/out/vs/code/electron-main/main.js:35:2119)
    at Y.load (/usr/share/code/resources/app/out/vs/code/electron-main/main.js:107:119174)
    at he.qb (/usr/share/code/resources/app/out/vs/code/electron-main/main.js:108:45595)
    at async he.pb (/usr/share/code/resources/app/out/vs/code/electron-main/main.js:108:44901)
    at async he.X (/usr/share/code/resources/app/out/vs/code/electron-main/main.js:108:31397)
    at async he.open (/usr/share/code/resources/app/out/vs/code/electron-main/main.js:108:27681)
    at async dt.startup (/usr/share/code/resources/app/out/vs/code/electron-main/main.js:108:55853)
    at async Ee.a (/usr/share/code/resources/app/out/vs/code/electron-main/main.js:110:1117)
2024-03-28 17:27:22.914 [info] Started local extension host with pid 11153.
2024-03-28 17:27:23.876 [error] [uncaught exception in main]: /lib/x86_64-linux-gnu/libc.so.6: version `GLIBC_2.28' not found (required by /usr/share/code/resources/app/node_modules.asar.unpacked/@vscode/sqlite3/build/Release/vscode-sqlite3.node): Error: /lib/x86_64-linux-gnu/libc.so.6: version `GLIBC_2.28' not found (required by /usr/share/code/resources/app/node_modules.asar.unpacked/@vscode/sqlite3/build/Release/vscode-sqlite3.node)
    at process.func [as dlopen] (node:electron/js2c/node_init:2:2107)
    at Object.<anonymous> (node:internal/modules/cjs/loader:1356:18)
    at Object.func [as .node] (node:electron/js2c/node_init:2:2334)
    at Module.load (node:internal/modules/cjs/loader:1126:32)
    at node:internal/modules/cjs/loader:967:12
    at Function._load (node:electron/js2c/node_init:2:13357)
    at Module.require (node:internal/modules/cjs/loader:1150:19)
    at v (/usr/share/code/resources/app/out/main.js:5:647)
    at Object.<anonymous> (/usr/share/code/resources/app/node_modules.asar/@vscode/sqlite3/lib/sqlite3-binding.js:4:17)
    at a._compile (/usr/share/code/resources/app/out/main.js:5:1257)
    at Object..js (node:internal/modules/cjs/loader:1326:10)
    at Module.load (node:internal/modules/cjs/loader:1126:32)
    at node:internal/modules/cjs/loader:967:12
    at Function._load (node:electron/js2c/node_init:2:13357)
    at Module.require (node:internal/modules/cjs/loader:1150:19)
    at v (/usr/share/code/resources/app/out/main.js:5:647)
    at Object.<anonymous> (/usr/share/code/resources/app/node_modules.asar/@vscode/sqlite3/lib/sqlite3.js:2:17)
    at a._compile (/usr/share/code/resources/app/out/main.js:5:1257)
    at Object..js (node:internal/modules/cjs/loader:1326:10)
    at Module.load (node:internal/modules/cjs/loader:1126:32)
    at node:internal/modules/cjs/loader:967:12
    at Function._load (node:electron/js2c/node_init:2:13357)
    at Module.require (node:internal/modules/cjs/loader:1150:19)
    at require (node:internal/modules/cjs/helpers:121:18)
    at r (/usr/share/code/resources/app/out/main.js:6:98)
    at n.load (/usr/share/code/resources/app/out/main.js:5:1637)
    at u.load (/usr/share/code/resources/app/out/main.js:4:13565)
    at a (/usr/share/code/resources/app/out/main.js:6:9338)
    at Object.errorback (/usr/share/code/resources/app/out/main.js:6:9457)
    at u.triggerErrorback (/usr/share/code/resources/app/out/main.js:4:13859)
    at /usr/share/code/resources/app/out/main.js:4:13610
    at n.load (/usr/share/code/resources/app/out/main.js:5:1654)
    at u.load (/usr/share/code/resources/app/out/main.js:4:13565)
    at a (/usr/share/code/resources/app/out/main.js:6:9338)
    at h._loadModule (/usr/share/code/resources/app/out/main.js:6:9466)
    at h._resolve (/usr/share/code/resources/app/out/main.js:7:452)
    at h.defineModule (/usr/share/code/resources/app/out/main.js:6:5561)
    at h._relativeRequire (/usr/share/code/resources/app/out/main.js:6:6185)
    at e (/usr/share/code/resources/app/out/main.js:6:8516)
    at /usr/share/code/resources/app/out/vs/code/electron-main/main.js:42:31655
    at new Promise (<anonymous>)
    at /usr/share/code/resources/app/out/vs/code/electron-main/main.js:42:31635
    at new Promise (<anonymous>)
    at P.p (/usr/share/code/resources/app/out/vs/code/electron-main/main.js:42:31615)
    at P.n (/usr/share/code/resources/app/out/vs/code/electron-main/main.js:42:31167)
    at new P (/usr/share/code/resources/app/out/vs/code/electron-main/main.js:42:28770)
    at $.t (/usr/share/code/resources/app/out/vs/code/electron-main/main.js:105:81669)
    at /usr/share/code/resources/app/out/vs/code/electron-main/main.js:105:80136
    at $.init (/usr/share/code/resources/app/out/vs/code/electron-main/main.js:105:80456)
    at v.value (/usr/share/code/resources/app/out/vs/code/electron-main/main.js:107:29152)
    at f.y (/usr/share/code/resources/app/out/vs/code/electron-main/main.js:35:1902)
    at f.z (/usr/share/code/resources/app/out/vs/code/electron-main/main.js:35:1972)
    at f.fire (/usr/share/code/resources/app/out/vs/code/electron-main/main.js:35:2188)
    at v.value (/usr/share/code/resources/app/out/vs/code/electron-main/main.js:107:21986)
    at f.y (/usr/share/code/resources/app/out/vs/code/electron-main/main.js:35:1902)
    at f.fire (/usr/share/code/resources/app/out/vs/code/electron-main/main.js:35:2119)
    at Y.load (/usr/share/code/resources/app/out/vs/code/electron-main/main.js:107:119174)
    at he.qb (/usr/share/code/resources/app/out/vs/code/electron-main/main.js:108:45595)
    at async he.pb (/usr/share/code/resources/app/out/vs/code/electron-main/main.js:108:44901)
    at async he.X (/usr/share/code/resources/app/out/vs/code/electron-main/main.js:108:31397)
    at async he.open (/usr/share/code/resources/app/out/vs/code/electron-main/main.js:108:27681)
    at async dt.startup (/usr/share/code/resources/app/out/vs/code/electron-main/main.js:108:55853)
    at async Ee.a (/usr/share/code/resources/app/out/vs/code/electron-main/main.js:110:1117)
2024-03-28 17:27:25.587 [error] [uncaught exception in main]: /lib/x86_64-linux-gnu/libc.so.6: version `GLIBC_2.28' not found (required by /usr/share/code/resources/app/node_modules.asar.unpacked/@vscode/sqlite3/build/Release/vscode-sqlite3.node): Error: /lib/x86_64-linux-gnu/libc.so.6: version `GLIBC_2.28' not found (required by /usr/share/code/resources/app/node_modules.asar.unpacked/@vscode/sqlite3/build/Release/vscode-sqlite3.node)
    at process.func [as dlopen] (node:electron/js2c/node_init:2:2107)
    at Object.<anonymous> (node:internal/modules/cjs/loader:1356:18)
    at Object.func [as .node] (node:electron/js2c/node_init:2:2334)
    at Module.load (node:internal/modules/cjs/loader:1126:32)
    at node:internal/modules/cjs/loader:967:12
    at Function._load (node:electron/js2c/node_init:2:13357)
    at Module.require (node:internal/modules/cjs/loader:1150:19)
    at v (/usr/share/code/resources/app/out/main.js:5:647)
    at Object.<anonymous> (/usr/share/code/resources/app/node_modules.asar/@vscode/sqlite3/lib/sqlite3-binding.js:4:17)
    at a._compile (/usr/share/code/resources/app/out/main.js:5:1257)
    at Object..js (node:internal/modules/cjs/loader:1326:10)
    at Module.load (node:internal/modules/cjs/loader:1126:32)
    at node:internal/modules/cjs/loader:967:12
    at Function._load (node:electron/js2c/node_init:2:13357)
    at Module.require (node:internal/modules/cjs/loader:1150:19)
    at v (/usr/share/code/resources/app/out/main.js:5:647)
    at Object.<anonymous> (/usr/share/code/resources/app/node_modules.asar/@vscode/sqlite3/lib/sqlite3.js:2:17)
    at a._compile (/usr/share/code/resources/app/out/main.js:5:1257)
    at Object..js (node:internal/modules/cjs/loader:1326:10)
    at Module.load (node:internal/modules/cjs/loader:1126:32)
    at node:internal/modules/cjs/loader:967:12
    at Function._load (node:electron/js2c/node_init:2:13357)
    at Module.require (node:internal/modules/cjs/loader:1150:19)
    at require (node:internal/modules/cjs/helpers:121:18)
    at r (/usr/share/code/resources/app/out/main.js:6:98)
    at n.load (/usr/share/code/resources/app/out/main.js:5:1637)
    at u.load (/usr/share/code/resources/app/out/main.js:4:13565)
    at a (/usr/share/code/resources/app/out/main.js:6:9338)
    at Object.errorback (/usr/share/code/resources/app/out/main.js:6:9457)
    at u.triggerErrorback (/usr/share/code/resources/app/out/main.js:4:13859)
    at /usr/share/code/resources/app/out/main.js:4:13610
    at n.load (/usr/share/code/resources/app/out/main.js:5:1654)
    at u.load (/usr/share/code/resources/app/out/main.js:4:13565)
    at a (/usr/share/code/resources/app/out/main.js:6:9338)
    at h._loadModule (/usr/share/code/resources/app/out/main.js:6:9466)
    at h._resolve (/usr/share/code/resources/app/out/main.js:7:452)
    at h.defineModule (/usr/share/code/resources/app/out/main.js:6:5561)
    at h._relativeRequire (/usr/share/code/resources/app/out/main.js:6:6185)
    at e (/usr/share/code/resources/app/out/main.js:6:8516)
    at /usr/share/code/resources/app/out/vs/code/electron-main/main.js:42:31655
    at new Promise (<anonymous>)
    at /usr/share/code/resources/app/out/vs/code/electron-main/main.js:42:31635
    at new Promise (<anonymous>)
    at P.p (/usr/share/code/resources/app/out/vs/code/electron-main/main.js:42:31615)
    at P.n (/usr/share/code/resources/app/out/vs/code/electron-main/main.js:42:31167)
    at new P (/usr/share/code/resources/app/out/vs/code/electron-main/main.js:42:28770)
    at $.t (/usr/share/code/resources/app/out/vs/code/electron-main/main.js:105:81669)
    at /usr/share/code/resources/app/out/vs/code/electron-main/main.js:105:80136
    at $.init (/usr/share/code/resources/app/out/vs/code/electron-main/main.js:105:80456)
    at v.value (/usr/share/code/resources/app/out/vs/code/electron-main/main.js:107:29152)
    at f.y (/usr/share/code/resources/app/out/vs/code/electron-main/main.js:35:1902)
    at f.z (/usr/share/code/resources/app/out/vs/code/electron-main/main.js:35:1972)
    at f.fire (/usr/share/code/resources/app/out/vs/code/electron-main/main.js:35:2188)
    at v.value (/usr/share/code/resources/app/out/vs/code/electron-main/main.js:107:21986)
    at f.y (/usr/share/code/resources/app/out/vs/code/electron-main/main.js:35:1902)
    at f.fire (/usr/share/code/resources/app/out/vs/code/electron-main/main.js:35:2119)
    at Y.load (/usr/share/code/resources/app/out/vs/code/electron-main/main.js:107:119174)
    at he.qb (/usr/share/code/resources/app/out/vs/code/electron-main/main.js:108:45595)
    at async he.pb (/usr/share/code/resources/app/out/vs/code/electron-main/main.js:108:44901)
    at async he.X (/usr/share/code/resources/app/out/vs/code/electron-main/main.js:108:31397)
    at async he.open (/usr/share/code/resources/app/out/vs/code/electron-main/main.js:108:27681)
    at async dt.startup (/usr/share/code/resources/app/out/vs/code/electron-main/main.js:108:55853)
    at async Ee.a (/usr/share/code/resources/app/out/vs/code/electron-main/main.js:110:1117)
2024-03-28 17:27:25.805 [info] [perf] Render performance baseline is 22ms
2024-03-28 17:27:26.966 [error] [uncaught exception in main]: /lib/x86_64-linux-gnu/libc.so.6: version `GLIBC_2.28' not found (required by /usr/share/code/resources/app/node_modules.asar.unpacked/@vscode/sqlite3/build/Release/vscode-sqlite3.node): Error: /lib/x86_64-linux-gnu/libc.so.6: version `GLIBC_2.28' not found (required by /usr/share/code/resources/app/node_modules.asar.unpacked/@vscode/sqlite3/build/Release/vscode-sqlite3.node)
    at process.func [as dlopen] (node:electron/js2c/node_init:2:2107)
    at Object.<anonymous> (node:internal/modules/cjs/loader:1356:18)
    at Object.func [as .node] (node:electron/js2c/node_init:2:2334)
    at Module.load (node:internal/modules/cjs/loader:1126:32)
    at node:internal/modules/cjs/loader:967:12
    at Function._load (node:electron/js2c/node_init:2:13357)
    at Module.require (node:internal/modules/cjs/loader:1150:19)
    at v (/usr/share/code/resources/app/out/main.js:5:647)
    at Object.<anonymous> (/usr/share/code/resources/app/node_modules.asar/@vscode/sqlite3/lib/sqlite3-binding.js:4:17)
    at a._compile (/usr/share/code/resources/app/out/main.js:5:1257)
    at Object..js (node:internal/modules/cjs/loader:1326:10)
    at Module.load (node:internal/modules/cjs/loader:1126:32)
    at node:internal/modules/cjs/loader:967:12
    at Function._load (node:electron/js2c/node_init:2:13357)
    at Module.require (node:internal/modules/cjs/loader:1150:19)
    at v (/usr/share/code/resources/app/out/main.js:5:647)
    at Object.<anonymous> (/usr/share/code/resources/app/node_modules.asar/@vscode/sqlite3/lib/sqlite3.js:2:17)
    at a._compile (/usr/share/code/resources/app/out/main.js:5:1257)
    at Object..js (node:internal/modules/cjs/loader:1326:10)
    at Module.load (node:internal/modules/cjs/loader:1126:32)
    at node:internal/modules/cjs/loader:967:12
    at Function._load (node:electron/js2c/node_init:2:13357)
    at Module.require (node:internal/modules/cjs/loader:1150:19)
    at require (node:internal/modules/cjs/helpers:121:18)
    at r (/usr/share/code/resources/app/out/main.js:6:98)
    at n.load (/usr/share/code/resources/app/out/main.js:5:1637)
    at u.load (/usr/share/code/resources/app/out/main.js:4:13565)
    at a (/usr/share/code/resources/app/out/main.js:6:9338)
    at Object.errorback (/usr/share/code/resources/app/out/main.js:6:9457)
    at u.triggerErrorback (/usr/share/code/resources/app/out/main.js:4:13859)
    at /usr/share/code/resources/app/out/main.js:4:13610
    at n.load (/usr/share/code/resources/app/out/main.js:5:1654)
    at u.load (/usr/share/code/resources/app/out/main.js:4:13565)
    at a (/usr/share/code/resources/app/out/main.js:6:9338)
    at h._loadModule (/usr/share/code/resources/app/out/main.js:6:9466)
    at h._resolve (/usr/share/code/resources/app/out/main.js:7:452)
    at h.defineModule (/usr/share/code/resources/app/out/main.js:6:5561)
    at h._relativeRequire (/usr/share/code/resources/app/out/main.js:6:6185)
    at e (/usr/share/code/resources/app/out/main.js:6:8516)
    at /usr/share/code/resources/app/out/vs/code/electron-main/main.js:42:31655
    at new Promise (<anonymous>)
    at /usr/share/code/resources/app/out/vs/code/electron-main/main.js:42:31635
    at new Promise (<anonymous>)
    at P.p (/usr/share/code/resources/app/out/vs/code/electron-main/main.js:42:31615)
    at P.n (/usr/share/code/resources/app/out/vs/code/electron-main/main.js:42:31167)
    at new P (/usr/share/code/resources/app/out/vs/code/electron-main/main.js:42:28770)
    at $.t (/usr/share/code/resources/app/out/vs/code/electron-main/main.js:105:81669)
    at /usr/share/code/resources/app/out/vs/code/electron-main/main.js:105:80136
    at $.init (/usr/share/code/resources/app/out/vs/code/electron-main/main.js:105:80456)
    at v.value (/usr/share/code/resources/app/out/vs/code/electron-main/main.js:107:29152)
    at f.y (/usr/share/code/resources/app/out/vs/code/electron-main/main.js:35:1902)
    at f.z (/usr/share/code/resources/app/out/vs/code/electron-main/main.js:35:1972)
    at f.fire (/usr/share/code/resources/app/out/vs/code/electron-main/main.js:35:2188)
    at v.value (/usr/share/code/resources/app/out/vs/code/electron-main/main.js:107:21986)
    at f.y (/usr/share/code/resources/app/out/vs/code/electron-main/main.js:35:1902)
    at f.fire (/usr/share/code/resources/app/out/vs/code/electron-main/main.js:35:2119)
    at Y.load (/usr/share/code/resources/app/out/vs/code/electron-main/main.js:107:119174)
    at he.qb (/usr/share/code/resources/app/out/vs/code/electron-main/main.js:108:45595)
    at async he.pb (/usr/share/code/resources/app/out/vs/code/electron-main/main.js:108:44901)
    at async he.X (/usr/share/code/resources/app/out/vs/code/electron-main/main.js:108:31397)
    at async he.open (/usr/share/code/resources/app/out/vs/code/electron-main/main.js:108:27681)
    at async dt.startup (/usr/share/code/resources/app/out/vs/code/electron-main/main.js:108:55853)
    at async Ee.a (/usr/share/code/resources/app/out/vs/code/electron-main/main.js:110:1117)
2024-03-28 17:27:28.227 [error] [uncaught exception in main]: /lib/x86_64-linux-gnu/libc.so.6: version `GLIBC_2.28' not found (required by /usr/share/code/resources/app/node_modules.asar.unpacked/@vscode/sqlite3/build/Release/vscode-sqlite3.node): Error: /lib/x86_64-linux-gnu/libc.so.6: version `GLIBC_2.28' not found (required by /usr/share/code/resources/app/node_modules.asar.unpacked/@vscode/sqlite3/build/Release/vscode-sqlite3.node)
    at process.func [as dlopen] (node:electron/js2c/node_init:2:2107)
    at Object.<anonymous> (node:internal/modules/cjs/loader:1356:18)
    at Object.func [as .node] (node:electron/js2c/node_init:2:2334)
    at Module.load (node:internal/modules/cjs/loader:1126:32)
    at node:internal/modules/cjs/loader:967:12
    at Function._load (node:electron/js2c/node_init:2:13357)
    at Module.require (node:internal/modules/cjs/loader:1150:19)
    at v (/usr/share/code/resources/app/out/main.js:5:647)
    at Object.<anonymous> (/usr/share/code/resources/app/node_modules.asar/@vscode/sqlite3/lib/sqlite3-binding.js:4:17)
    at a._compile (/usr/share/code/resources/app/out/main.js:5:1257)
    at Object..js (node:internal/modules/cjs/loader:1326:10)
    at Module.load (node:internal/modules/cjs/loader:1126:32)
    at node:internal/modules/cjs/loader:967:12
    at Function._load (node:electron/js2c/node_init:2:13357)
    at Module.require (node:internal/modules/cjs/loader:1150:19)
    at v (/usr/share/code/resources/app/out/main.js:5:647)
    at Object.<anonymous> (/usr/share/code/resources/app/node_modules.asar/@vscode/sqlite3/lib/sqlite3.js:2:17)
    at a._compile (/usr/share/code/resources/app/out/main.js:5:1257)
    at Object..js (node:internal/modules/cjs/loader:1326:10)
    at Module.load (node:internal/modules/cjs/loader:1126:32)
    at node:internal/modules/cjs/loader:967:12
    at Function._load (node:electron/js2c/node_init:2:13357)
    at Module.require (node:internal/modules/cjs/loader:1150:19)
    at require (node:internal/modules/cjs/helpers:121:18)
    at r (/usr/share/code/resources/app/out/main.js:6:98)
    at n.load (/usr/share/code/resources/app/out/main.js:5:1637)
    at u.load (/usr/share/code/resources/app/out/main.js:4:13565)
    at a (/usr/share/code/resources/app/out/main.js:6:9338)
    at Object.errorback (/usr/share/code/resources/app/out/main.js:6:9457)
    at u.triggerErrorback (/usr/share/code/resources/app/out/main.js:4:13859)
    at /usr/share/code/resources/app/out/main.js:4:13610
    at n.load (/usr/share/code/resources/app/out/main.js:5:1654)
    at u.load (/usr/share/code/resources/app/out/main.js:4:13565)
    at a (/usr/share/code/resources/app/out/main.js:6:9338)
    at h._loadModule (/usr/share/code/resources/app/out/main.js:6:9466)
    at h._resolve (/usr/share/code/resources/app/out/main.js:7:452)
    at h.defineModule (/usr/share/code/resources/app/out/main.js:6:5561)
    at h._relativeRequire (/usr/share/code/resources/app/out/main.js:6:6185)
    at e (/usr/share/code/resources/app/out/main.js:6:8516)
    at /usr/share/code/resources/app/out/vs/code/electron-main/main.js:42:31655
    at new Promise (<anonymous>)
    at /usr/share/code/resources/app/out/vs/code/electron-main/main.js:42:31635
    at new Promise (<anonymous>)
    at P.p (/usr/share/code/resources/app/out/vs/code/electron-main/main.js:42:31615)
    at P.n (/usr/share/code/resources/app/out/vs/code/electron-main/main.js:42:31167)
    at new P (/usr/share/code/resources/app/out/vs/code/electron-main/main.js:42:28770)
    at $.t (/usr/share/code/resources/app/out/vs/code/electron-main/main.js:105:81669)
    at /usr/share/code/resources/app/out/vs/code/electron-main/main.js:105:80136
    at $.init (/usr/share/code/resources/app/out/vs/code/electron-main/main.js:105:80456)
    at v.value (/usr/share/code/resources/app/out/vs/code/electron-main/main.js:107:29152)
    at f.y (/usr/share/code/resources/app/out/vs/code/electron-main/main.js:35:1902)
    at f.z (/usr/share/code/resources/app/out/vs/code/electron-main/main.js:35:1972)
    at f.fire (/usr/share/code/resources/app/out/vs/code/electron-main/main.js:35:2188)
    at v.value (/usr/share/code/resources/app/out/vs/code/electron-main/main.js:107:21986)
    at f.y (/usr/share/code/resources/app/out/vs/code/electron-main/main.js:35:1902)
    at f.fire (/usr/share/code/resources/app/out/vs/code/electron-main/main.js:35:2119)
    at Y.load (/usr/share/code/resources/app/out/vs/code/electron-main/main.js:107:119174)
    at he.qb (/usr/share/code/resources/app/out/vs/code/electron-main/main.js:108:45595)
    at async he.pb (/usr/share/code/resources/app/out/vs/code/electron-main/main.js:108:44901)
    at async he.X (/usr/share/code/resources/app/out/vs/code/electron-main/main.js:108:31397)
    at async he.open (/usr/share/code/resources/app/out/vs/code/electron-main/main.js:108:27681)
    at async dt.startup (/usr/share/code/resources/app/out/vs/code/electron-main/main.js:108:55853)
    at async Ee.a (/usr/share/code/resources/app/out/vs/code/electron-main/main.js:110:1117)
2024-03-28 17:27:31.887 [error] [uncaught exception in main]: /lib/x86_64-linux-gnu/libc.so.6: version `GLIBC_2.28' not found (required by /usr/share/code/resources/app/node_modules.asar.unpacked/@vscode/sqlite3/build/Release/vscode-sqlite3.node): Error: /lib/x86_64-linux-gnu/libc.so.6: version `GLIBC_2.28' not found (required by /usr/share/code/resources/app/node_modules.asar.unpacked/@vscode/sqlite3/build/Release/vscode-sqlite3.node)
    at process.func [as dlopen] (node:electron/js2c/node_init:2:2107)
    at Object.<anonymous> (node:internal/modules/cjs/loader:1356:18)
    at Object.func [as .node] (node:electron/js2c/node_init:2:2334)
    at Module.load (node:internal/modules/cjs/loader:1126:32)
    at node:internal/modules/cjs/loader:967:12
    at Function._load (node:electron/js2c/node_init:2:13357)
    at Module.require (node:internal/modules/cjs/loader:1150:19)
    at v (/usr/share/code/resources/app/out/main.js:5:647)
    at Object.<anonymous> (/usr/share/code/resources/app/node_modules.asar/@vscode/sqlite3/lib/sqlite3-binding.js:4:17)
    at a._compile (/usr/share/code/resources/app/out/main.js:5:1257)
    at Object..js (node:internal/modules/cjs/loader:1326:10)
    at Module.load (node:internal/modules/cjs/loader:1126:32)
    at node:internal/modules/cjs/loader:967:12
    at Function._load (node:electron/js2c/node_init:2:13357)
    at Module.require (node:internal/modules/cjs/loader:1150:19)
    at v (/usr/share/code/resources/app/out/main.js:5:647)
    at Object.<anonymous> (/usr/share/code/resources/app/node_modules.asar/@vscode/sqlite3/lib/sqlite3.js:2:17)
    at a._compile (/usr/share/code/resources/app/out/main.js:5:1257)
    at Object..js (node:internal/modules/cjs/loader:1326:10)
    at Module.load (node:internal/modules/cjs/loader:1126:32)
    at node:internal/modules/cjs/loader:967:12
    at Function._load (node:electron/js2c/node_init:2:13357)
    at Module.require (node:internal/modules/cjs/loader:1150:19)
    at require (node:internal/modules/cjs/helpers:121:18)
    at r (/usr/share/code/resources/app/out/main.js:6:98)
    at n.load (/usr/share/code/resources/app/out/main.js:5:1637)
    at u.load (/usr/share/code/resources/app/out/main.js:4:13565)
    at a (/usr/share/code/resources/app/out/main.js:6:9338)
    at Object.errorback (/usr/share/code/resources/app/out/main.js:6:9457)
    at u.triggerErrorback (/usr/share/code/resources/app/out/main.js:4:13859)
    at /usr/share/code/resources/app/out/main.js:4:13610
    at n.load (/usr/share/code/resources/app/out/main.js:5:1654)
    at u.load (/usr/share/code/resources/app/out/main.js:4:13565)
    at a (/usr/share/code/resources/app/out/main.js:6:9338)
    at h._loadModule (/usr/share/code/resources/app/out/main.js:6:9466)
    at h._resolve (/usr/share/code/resources/app/out/main.js:7:452)
    at h.defineModule (/usr/share/code/resources/app/out/main.js:6:5561)
    at h._relativeRequire (/usr/share/code/resources/app/out/main.js:6:6185)
    at e (/usr/share/code/resources/app/out/main.js:6:8516)
    at /usr/share/code/resources/app/out/vs/code/electron-main/main.js:42:31655
    at new Promise (<anonymous>)
    at /usr/share/code/resources/app/out/vs/code/electron-main/main.js:42:31635
    at new Promise (<anonymous>)
    at P.p (/usr/share/code/resources/app/out/vs/code/electron-main/main.js:42:31615)
    at P.n (/usr/share/code/resources/app/out/vs/code/electron-main/main.js:42:31167)
    at new P (/usr/share/code/resources/app/out/vs/code/electron-main/main.js:42:28770)
    at $.t (/usr/share/code/resources/app/out/vs/code/electron-main/main.js:105:81669)
    at /usr/share/code/resources/app/out/vs/code/electron-main/main.js:105:80136
    at $.init (/usr/share/code/resources/app/out/vs/code/electron-main/main.js:105:80456)
    at v.value (/usr/share/code/resources/app/out/vs/code/electron-main/main.js:107:29152)
    at f.y (/usr/share/code/resources/app/out/vs/code/electron-main/main.js:35:1902)
    at f.z (/usr/share/code/resources/app/out/vs/code/electron-main/main.js:35:1972)
    at f.fire (/usr/share/code/resources/app/out/vs/code/electron-main/main.js:35:2188)
    at v.value (/usr/share/code/resources/app/out/vs/code/electron-main/main.js:107:21986)
    at f.y (/usr/share/code/resources/app/out/vs/code/electron-main/main.js:35:1902)
    at f.fire (/usr/share/code/resources/app/out/vs/code/electron-main/main.js:35:2119)
    at Y.load (/usr/share/code/resources/app/out/vs/code/electron-main/main.js:107:119174)
    at he.qb (/usr/share/code/resources/app/out/vs/code/electron-main/main.js:108:45595)
    at async he.pb (/usr/share/code/resources/app/out/vs/code/electron-main/main.js:108:44901)
    at async he.X (/usr/share/code/resources/app/out/vs/code/electron-main/main.js:108:31397)
    at async he.open (/usr/share/code/resources/app/out/vs/code/electron-main/main.js:108:27681)
    at async dt.startup (/usr/share/code/resources/app/out/vs/code/electron-main/main.js:108:55853)
    at async Ee.a (/usr/share/code/resources/app/out/vs/code/electron-main/main.js:110:1117)
2024-03-28 17:27:33.761 [error] [uncaught exception in main]: /lib/x86_64-linux-gnu/libc.so.6: version `GLIBC_2.28' not found (required by /usr/share/code/resources/app/node_modules.asar.unpacked/@vscode/sqlite3/build/Release/vscode-sqlite3.node): Error: /lib/x86_64-linux-gnu/libc.so.6: version `GLIBC_2.28' not found (required by /usr/share/code/resources/app/node_modules.asar.unpacked/@vscode/sqlite3/build/Release/vscode-sqlite3.node)
    at process.func [as dlopen] (node:electron/js2c/node_init:2:2107)
    at Object.<anonymous> (node:internal/modules/cjs/loader:1356:18)
    at Object.func [as .node] (node:electron/js2c/node_init:2:2334)
    at Module.load (node:internal/modules/cjs/loader:1126:32)
    at node:internal/modules/cjs/loader:967:12
    at Function._load (node:electron/js2c/node_init:2:13357)
    at Module.require (node:internal/modules/cjs/loader:1150:19)
    at v (/usr/share/code/resources/app/out/main.js:5:647)
    at Object.<anonymous> (/usr/share/code/resources/app/node_modules.asar/@vscode/sqlite3/lib/sqlite3-binding.js:4:17)
    at a._compile (/usr/share/code/resources/app/out/main.js:5:1257)
    at Object..js (node:internal/modules/cjs/loader:1326:10)
    at Module.load (node:internal/modules/cjs/loader:1126:32)
    at node:internal/modules/cjs/loader:967:12
    at Function._load (node:electron/js2c/node_init:2:13357)
    at Module.require (node:internal/modules/cjs/loader:1150:19)
    at v (/usr/share/code/resources/app/out/main.js:5:647)
    at Object.<anonymous> (/usr/share/code/resources/app/node_modules.asar/@vscode/sqlite3/lib/sqlite3.js:2:17)
    at a._compile (/usr/share/code/resources/app/out/main.js:5:1257)
    at Object..js (node:internal/modules/cjs/loader:1326:10)
    at Module.load (node:internal/modules/cjs/loader:1126:32)
    at node:internal/modules/cjs/loader:967:12
    at Function._load (node:electron/js2c/node_init:2:13357)
    at Module.require (node:internal/modules/cjs/loader:1150:19)
    at require (node:internal/modules/cjs/helpers:121:18)
    at r (/usr/share/code/resources/app/out/main.js:6:98)
    at n.load (/usr/share/code/resources/app/out/main.js:5:1637)
    at u.load (/usr/share/code/resources/app/out/main.js:4:13565)
    at a (/usr/share/code/resources/app/out/main.js:6:9338)
    at Object.errorback (/usr/share/code/resources/app/out/main.js:6:9457)
    at u.triggerErrorback (/usr/share/code/resources/app/out/main.js:4:13859)
    at /usr/share/code/resources/app/out/main.js:4:13610
    at n.load (/usr/share/code/resources/app/out/main.js:5:1654)
    at u.load (/usr/share/code/resources/app/out/main.js:4:13565)
    at a (/usr/share/code/resources/app/out/main.js:6:9338)
    at h._loadModule (/usr/share/code/resources/app/out/main.js:6:9466)
    at h._resolve (/usr/share/code/resources/app/out/main.js:7:452)
    at h.defineModule (/usr/share/code/resources/app/out/main.js:6:5561)
    at h._relativeRequire (/usr/share/code/resources/app/out/main.js:6:6185)
    at e (/usr/share/code/resources/app/out/main.js:6:8516)
    at /usr/share/code/resources/app/out/vs/code/electron-main/main.js:42:31655
    at new Promise (<anonymous>)
    at /usr/share/code/resources/app/out/vs/code/electron-main/main.js:42:31635
    at new Promise (<anonymous>)
    at P.p (/usr/share/code/resources/app/out/vs/code/electron-main/main.js:42:31615)
    at P.n (/usr/share/code/resources/app/out/vs/code/electron-main/main.js:42:31167)
    at new P (/usr/share/code/resources/app/out/vs/code/electron-main/main.js:42:28770)
    at $.t (/usr/share/code/resources/app/out/vs/code/electron-main/main.js:105:81669)
    at /usr/share/code/resources/app/out/vs/code/electron-main/main.js:105:80136
    at $.init (/usr/share/code/resources/app/out/vs/code/electron-main/main.js:105:80456)
    at v.value (/usr/share/code/resources/app/out/vs/code/electron-main/main.js:107:29152)
    at f.y (/usr/share/code/resources/app/out/vs/code/electron-main/main.js:35:1902)
    at f.z (/usr/share/code/resources/app/out/vs/code/electron-main/main.js:35:1972)
    at f.fire (/usr/share/code/resources/app/out/vs/code/electron-main/main.js:35:2188)
    at v.value (/usr/share/code/resources/app/out/vs/code/electron-main/main.js:107:21986)
    at f.y (/usr/share/code/resources/app/out/vs/code/electron-main/main.js:35:1902)
    at f.fire (/usr/share/code/resources/app/out/vs/code/electron-main/main.js:35:2119)
    at Y.load (/usr/share/code/resources/app/out/vs/code/electron-main/main.js:107:119174)
    at he.qb (/usr/share/code/resources/app/out/vs/code/electron-main/main.js:108:45595)
    at async he.pb (/usr/share/code/resources/app/out/vs/code/electron-main/main.js:108:44901)
    at async he.X (/usr/share/code/resources/app/out/vs/code/electron-main/main.js:108:31397)
    at async he.open (/usr/share/code/resources/app/out/vs/code/electron-main/main.js:108:27681)
    at async dt.startup (/usr/share/code/resources/app/out/vs/code/electron-main/main.js:108:55853)
    at async Ee.a (/usr/share/code/resources/app/out/vs/code/electron-main/main.js:110:1117)
2024-03-28 17:27:36.361 [error] [uncaught exception in main]: /lib/x86_64-linux-gnu/libc.so.6: version `GLIBC_2.28' not found (required by /usr/share/code/resources/app/node_modules.asar.unpacked/@vscode/sqlite3/build/Release/vscode-sqlite3.node): Error: /lib/x86_64-linux-gnu/libc.so.6: version `GLIBC_2.28' not found (required by /usr/share/code/resources/app/node_modules.asar.unpacked/@vscode/sqlite3/build/Release/vscode-sqlite3.node)
    at process.func [as dlopen] (node:electron/js2c/node_init:2:2107)
    at Object.<anonymous> (node:internal/modules/cjs/loader:1356:18)
    at Object.func [as .node] (node:electron/js2c/node_init:2:2334)
    at Module.load (node:internal/modules/cjs/loader:1126:32)
    at node:internal/modules/cjs/loader:967:12
    at Function._load (node:electron/js2c/node_init:2:13357)
    at Module.require (node:internal/modules/cjs/loader:1150:19)
    at v (/usr/share/code/resources/app/out/main.js:5:647)
    at Object.<anonymous> (/usr/share/code/resources/app/node_modules.asar/@vscode/sqlite3/lib/sqlite3-binding.js:4:17)
    at a._compile (/usr/share/code/resources/app/out/main.js:5:1257)
    at Object..js (node:internal/modules/cjs/loader:1326:10)
    at Module.load (node:internal/modules/cjs/loader:1126:32)
    at node:internal/modules/cjs/loader:967:12
    at Function._load (node:electron/js2c/node_init:2:13357)
    at Module.require (node:internal/modules/cjs/loader:1150:19)
    at v (/usr/share/code/resources/app/out/main.js:5:647)
    at Object.<anonymous> (/usr/share/code/resources/app/node_modules.asar/@vscode/sqlite3/lib/sqlite3.js:2:17)
    at a._compile (/usr/share/code/resources/app/out/main.js:5:1257)
    at Object..js (node:internal/modules/cjs/loader:1326:10)
    at Module.load (node:internal/modules/cjs/loader:1126:32)
    at node:internal/modules/cjs/loader:967:12
    at Function._load (node:electron/js2c/node_init:2:13357)
    at Module.require (node:internal/modules/cjs/loader:1150:19)
    at require (node:internal/modules/cjs/helpers:121:18)
    at r (/usr/share/code/resources/app/out/main.js:6:98)
    at n.load (/usr/share/code/resources/app/out/main.js:5:1637)
    at u.load (/usr/share/code/resources/app/out/main.js:4:13565)
    at a (/usr/share/code/resources/app/out/main.js:6:9338)
    at Object.errorback (/usr/share/code/resources/app/out/main.js:6:9457)
    at u.triggerErrorback (/usr/share/code/resources/app/out/main.js:4:13859)
    at /usr/share/code/resources/app/out/main.js:4:13610
    at n.load (/usr/share/code/resources/app/out/main.js:5:1654)
    at u.load (/usr/share/code/resources/app/out/main.js:4:13565)
    at a (/usr/share/code/resources/app/out/main.js:6:9338)
    at h._loadModule (/usr/share/code/resources/app/out/main.js:6:9466)
    at h._resolve (/usr/share/code/resources/app/out/main.js:7:452)
    at h.defineModule (/usr/share/code/resources/app/out/main.js:6:5561)
    at h._relativeRequire (/usr/share/code/resources/app/out/main.js:6:6185)
    at e (/usr/share/code/resources/app/out/main.js:6:8516)
    at /usr/share/code/resources/app/out/vs/code/electron-main/main.js:42:31655
    at new Promise (<anonymous>)
    at /usr/share/code/resources/app/out/vs/code/electron-main/main.js:42:31635
    at new Promise (<anonymous>)
    at P.p (/usr/share/code/resources/app/out/vs/code/electron-main/main.js:42:31615)
    at P.n (/usr/share/code/resources/app/out/vs/code/electron-main/main.js:42:31167)
    at new P (/usr/share/code/resources/app/out/vs/code/electron-main/main.js:42:28770)
    at $.t (/usr/share/code/resources/app/out/vs/code/electron-main/main.js:105:81669)
    at /usr/share/code/resources/app/out/vs/code/electron-main/main.js:105:80136
    at $.init (/usr/share/code/resources/app/out/vs/code/electron-main/main.js:105:80456)
    at v.value (/usr/share/code/resources/app/out/vs/code/electron-main/main.js:107:29152)
    at f.y (/usr/share/code/resources/app/out/vs/code/electron-main/main.js:35:1902)
    at f.z (/usr/share/code/resources/app/out/vs/code/electron-main/main.js:35:1972)
    at f.fire (/usr/share/code/resources/app/out/vs/code/electron-main/main.js:35:2188)
    at v.value (/usr/share/code/resources/app/out/vs/code/electron-main/main.js:107:21986)
    at f.y (/usr/share/code/resources/app/out/vs/code/electron-main/main.js:35:1902)
    at f.fire (/usr/share/code/resources/app/out/vs/code/electron-main/main.js:35:2119)
    at Y.load (/usr/share/code/resources/app/out/vs/code/electron-main/main.js:107:119174)
    at he.qb (/usr/share/code/resources/app/out/vs/code/electron-main/main.js:108:45595)
    at async he.pb (/usr/share/code/resources/app/out/vs/code/electron-main/main.js:108:44901)
    at async he.X (/usr/share/code/resources/app/out/vs/code/electron-main/main.js:108:31397)
    at async he.open (/usr/share/code/resources/app/out/vs/code/electron-main/main.js:108:27681)
    at async dt.startup (/usr/share/code/resources/app/out/vs/code/electron-main/main.js:108:55853)
    at async Ee.a (/usr/share/code/resources/app/out/vs/code/electron-main/main.js:110:1117)
2024-03-28 17:27:47.278 [error] [uncaught exception in main]: /lib/x86_64-linux-gnu/libc.so.6: version `GLIBC_2.28' not found (required by /usr/share/code/resources/app/node_modules.asar.unpacked/@vscode/sqlite3/build/Release/vscode-sqlite3.node): Error: /lib/x86_64-linux-gnu/libc.so.6: version `GLIBC_2.28' not found (required by /usr/share/code/resources/app/node_modules.asar.unpacked/@vscode/sqlite3/build/Release/vscode-sqlite3.node)
    at process.func [as dlopen] (node:electron/js2c/node_init:2:2107)
    at Object.<anonymous> (node:internal/modules/cjs/loader:1356:18)
    at Object.func [as .node] (node:electron/js2c/node_init:2:2334)
    at Module.load (node:internal/modules/cjs/loader:1126:32)
    at node:internal/modules/cjs/loader:967:12
    at Function._load (node:electron/js2c/node_init:2:13357)
    at Module.require (node:internal/modules/cjs/loader:1150:19)
    at v (/usr/share/code/resources/app/out/main.js:5:647)
    at Object.<anonymous> (/usr/share/code/resources/app/node_modules.asar/@vscode/sqlite3/lib/sqlite3-binding.js:4:17)
    at a._compile (/usr/share/code/resources/app/out/main.js:5:1257)
    at Object..js (node:internal/modules/cjs/loader:1326:10)
    at Module.load (node:internal/modules/cjs/loader:1126:32)
    at node:internal/modules/cjs/loader:967:12
    at Function._load (node:electron/js2c/node_init:2:13357)
    at Module.require (node:internal/modules/cjs/loader:1150:19)
    at v (/usr/share/code/resources/app/out/main.js:5:647)
    at Object.<anonymous> (/usr/share/code/resources/app/node_modules.asar/@vscode/sqlite3/lib/sqlite3.js:2:17)
    at a._compile (/usr/share/code/resources/app/out/main.js:5:1257)
    at Object..js (node:internal/modules/cjs/loader:1326:10)
    at Module.load (node:internal/modules/cjs/loader:1126:32)
    at node:internal/modules/cjs/loader:967:12
    at Function._load (node:electron/js2c/node_init:2:13357)
    at Module.require (node:internal/modules/cjs/loader:1150:19)
    at require (node:internal/modules/cjs/helpers:121:18)
    at r (/usr/share/code/resources/app/out/main.js:6:98)
    at n.load (/usr/share/code/resources/app/out/main.js:5:1637)
    at u.load (/usr/share/code/resources/app/out/main.js:4:13565)
    at a (/usr/share/code/resources/app/out/main.js:6:9338)
    at Object.errorback (/usr/share/code/resources/app/out/main.js:6:9457)
    at u.triggerErrorback (/usr/share/code/resources/app/out/main.js:4:13859)
    at /usr/share/code/resources/app/out/main.js:4:13610
    at n.load (/usr/share/code/resources/app/out/main.js:5:1654)
    at u.load (/usr/share/code/resources/app/out/main.js:4:13565)
    at a (/usr/share/code/resources/app/out/main.js:6:9338)
    at h._loadModule (/usr/share/code/resources/app/out/main.js:6:9466)
    at h._resolve (/usr/share/code/resources/app/out/main.js:7:452)
    at h.defineModule (/usr/share/code/resources/app/out/main.js:6:5561)
    at h._relativeRequire (/usr/share/code/resources/app/out/main.js:6:6185)
    at e (/usr/share/code/resources/app/out/main.js:6:8516)
    at /usr/share/code/resources/app/out/vs/code/electron-main/main.js:42:31655
    at new Promise (<anonymous>)
    at /usr/share/code/resources/app/out/vs/code/electron-main/main.js:42:31635
    at new Promise (<anonymous>)
    at P.p (/usr/share/code/resources/app/out/vs/code/electron-main/main.js:42:31615)
    at P.n (/usr/share/code/resources/app/out/vs/code/electron-main/main.js:42:31167)
    at new P (/usr/share/code/resources/app/out/vs/code/electron-main/main.js:42:28770)
    at $.t (/usr/share/code/resources/app/out/vs/code/electron-main/main.js:105:81669)
    at /usr/share/code/resources/app/out/vs/code/electron-main/main.js:105:80136
    at $.init (/usr/share/code/resources/app/out/vs/code/electron-main/main.js:105:80456)
    at v.value (/usr/share/code/resources/app/out/vs/code/electron-main/main.js:107:29152)
    at f.y (/usr/share/code/resources/app/out/vs/code/electron-main/main.js:35:1902)
    at f.z (/usr/share/code/resources/app/out/vs/code/electron-main/main.js:35:1972)
    at f.fire (/usr/share/code/resources/app/out/vs/code/electron-main/main.js:35:2188)
    at v.value (/usr/share/code/resources/app/out/vs/code/electron-main/main.js:107:21986)
    at f.y (/usr/share/code/resources/app/out/vs/code/electron-main/main.js:35:1902)
    at f.fire (/usr/share/code/resources/app/out/vs/code/electron-main/main.js:35:2119)
    at Y.load (/usr/share/code/resources/app/out/vs/code/electron-main/main.js:107:119174)
    at he.qb (/usr/share/code/resources/app/out/vs/code/electron-main/main.js:108:45595)
    at async he.pb (/usr/share/code/resources/app/out/vs/code/electron-main/main.js:108:44901)
    at async he.X (/usr/share/code/resources/app/out/vs/code/electron-main/main.js:108:31397)
    at async he.open (/usr/share/code/resources/app/out/vs/code/electron-main/main.js:108:27681)
    at async dt.startup (/usr/share/code/resources/app/out/vs/code/electron-main/main.js:108:55853)
    at async Ee.a (/usr/share/code/resources/app/out/vs/code/electron-main/main.js:110:1117)
