2024-03-28 17:27:26.925 [info] Log level: Info
2024-03-28 17:27:26.925 [info] Validating found git in: "git"
2024-03-28 17:27:26.925 [info] Using git "2.17.1" from "git"
2024-03-28 17:27:26.925 [info] > git rev-parse --show-toplevel [1ms]
2024-03-28 17:27:26.925 [info] fatal: 不是一个 git 仓库（或者任何父目录）：.git
2024-03-28 17:27:26.926 [info] > git rev-parse --show-toplevel [0ms]
2024-03-28 17:27:26.926 [info] fatal: 不是一个 git 仓库（或者任何父目录）：.git
2024-03-28 17:27:26.929 [info] > git rev-parse --show-toplevel [1ms]
2024-03-28 17:27:26.929 [info] fatal: 不是一个 git 仓库（或者任何父目录）：.git
2024-03-28 17:27:26.932 [info] > git rev-parse --show-toplevel [1ms]
2024-03-28 17:27:26.932 [info] fatal: 不是一个 git 仓库（或者任何父目录）：.git
2024-03-28 17:27:26.935 [info] > git rev-parse --show-toplevel [1ms]
2024-03-28 17:27:26.935 [info] fatal: 不是一个 git 仓库（或者任何父目录）：.git
2024-03-28 17:27:26.938 [info] > git rev-parse --show-toplevel [0ms]
2024-03-28 17:27:26.938 [info] fatal: 不是一个 git 仓库（或者任何父目录）：.git
2024-03-28 17:27:26.943 [info] > git rev-parse --show-toplevel [1ms]
2024-03-28 17:27:26.943 [info] fatal: 不是一个 git 仓库（或者任何父目录）：.git
2024-03-28 17:27:26.948 [info] > git rev-parse --show-toplevel [1ms]
2024-03-28 17:27:26.948 [info] fatal: 不是一个 git 仓库（或者任何父目录）：.git
2024-03-28 17:27:26.954 [info] > git rev-parse --show-toplevel [2ms]
2024-03-28 17:27:26.954 [info] fatal: 不是一个 git 仓库（或者任何父目录）：.git
2024-03-28 17:27:28.026 [info] > git rev-parse --show-toplevel [1ms]
2024-03-28 17:27:28.026 [info] fatal: 不是一个 git 仓库（或者任何父目录）：.git
