2024-03-31 16:08:25.957 [info] Default formatter is set to null for workspace /root/data/GuYuXuan/RandLA-Net
2024-03-31 16:08:25.962 [info] Test server listening.
2024-03-31 16:08:25.970 [info] > conda info --json
2024-03-31 16:08:26.125 [info] Found: /usr/bin/python --> /usr/bin/python3.8
2024-03-31 16:08:26.125 [warning] Retry failed, storage update failed for key PYTHON_GLOBAL_STORAGE_KEYS
2024-03-31 16:08:26.125 [warning] Retry failed, storage update failed for key PYTHON_GLOBAL_STORAGE_KEYS
2024-03-31 16:08:26.125 [warning] Retry failed, storage update failed for key PYTHON_GLOBAL_STORAGE_KEYS
2024-03-31 16:08:26.125 [warning] Retry failed, storage update failed for key PYTHON_GLOBAL_STORAGE_KEYS
2024-03-31 16:08:26.125 [warning] Retry failed, storage update failed for key PYTHON_GLOBAL_STORAGE_KEYS
2024-03-31 16:08:26.125 [warning] Retry failed, storage update failed for key PYTHON_GLOBAL_STORAGE_KEYS
2024-03-31 16:08:26.128 [warning] Retry failed, storage update failed for key PYTHON_WORKSPACE_STORAGE_KEYS
2024-03-31 16:08:26.128 [warning] Retry failed, storage update failed for key PYTHON_WORKSPACE_STORAGE_KEYS
2024-03-31 16:08:26.128 [warning] Retry failed, storage update failed for key PYTHON_WORKSPACE_STORAGE_KEYS
2024-03-31 16:08:26.128 [info] Found: /usr/bin/python2 --> /usr/bin/python2.7
2024-03-31 16:08:26.128 [info] Found: /usr/bin/python2.7 --> /usr/bin/python2.7
2024-03-31 16:08:26.128 [info] Found: /usr/bin/python3 --> /usr/bin/python3.6m
2024-03-31 16:08:26.129 [info] Found: /usr/bin/python3.5 --> /usr/bin/python3.5
2024-03-31 16:08:26.129 [info] Found: /usr/bin/python3.6 --> /usr/bin/python3.6
2024-03-31 16:08:26.129 [info] Found: /usr/bin/python3.8 --> /usr/bin/python3.8
2024-03-31 16:08:26.129 [info] Found: /usr/include/python3.5 --> /usr/include/python3.5m
2024-03-31 16:08:26.129 [info] Found: /usr/include/python3.6 --> /usr/include/python3.6m
2024-03-31 16:08:26.133 [info] Found: /home/hive/miniconda3/bin/python --> /home/hive/miniconda3/bin/python3.6
2024-03-31 16:08:26.133 [info] Found: /home/hive/miniconda3/bin/python3 --> /home/hive/miniconda3/bin/python3.6
2024-03-31 16:08:26.133 [info] Found: /home/hive/miniconda3/bin/python3.6 --> /home/hive/miniconda3/bin/python3.6
2024-03-31 16:08:26.143 [info] > /usr/bin/python -I ~/.vscode/extensions/ms-python.python-2024.2.1/pythonFiles/get_output_via_markers.py ~/.vscode/extensions/ms-python.python-2024.2.1/pythonFiles/interpreterInfo.py
2024-03-31 16:08:26.150 [info] > /usr/bin/python2 -I ~/.vscode/extensions/ms-python.python-2024.2.1/pythonFiles/get_output_via_markers.py ~/.vscode/extensions/ms-python.python-2024.2.1/pythonFiles/interpreterInfo.py
2024-03-31 16:08:26.153 [warning] [Error: Command failed: /usr/bin/python2 -I /root/.vscode/extensions/ms-python.python-2024.2.1/pythonFiles/get_output_via_markers.py /root/.vscode/extensions/ms-python.python-2024.2.1/pythonFiles/interpreterInfo.py
Unknown option: -I
usage: /usr/bin/python2 [option] ... [-c cmd | -m mod | file | -] [arg] ...
Try `python -h' for more information.

	at ChildProcess.exithandler (node:child_process:420:12)
	at ChildProcess.emit (node:events:526:35)
	at maybeClose (node:internal/child_process:1091:16)
	at Socket.<anonymous> (node:internal/child_process:449:11)
	at Socket.emit (node:events:514:28)
	at Pipe.<anonymous> (node:net:323:12)] {
  code: 2,
  killed: false,
  signal: null,
  cmd: '/usr/bin/python2 -I /root/.vscode/extensions/ms-python.python-2024.2.1/pythonFiles/get_output_via_markers.py /root/.vscode/extensions/ms-python.python-2024.2.1/pythonFiles/interpreterInfo.py'
}
2024-03-31 16:08:26.153 [error] Support for Python 2.7 has been dropped by the Python extension so certain features may not work, upgrade to using Python 3.
2024-03-31 16:08:26.155 [info] > /usr/bin/python2 ~/.vscode/extensions/ms-python.python-2024.2.1/pythonFiles/get_output_via_markers.py ~/.vscode/extensions/ms-python.python-2024.2.1/pythonFiles/interpreterInfo.py
2024-03-31 16:08:26.158 [info] > /usr/bin/python3 -I ~/.vscode/extensions/ms-python.python-2024.2.1/pythonFiles/get_output_via_markers.py ~/.vscode/extensions/ms-python.python-2024.2.1/pythonFiles/interpreterInfo.py
2024-03-31 16:08:26.165 [info] > /usr/bin/python3.5 -I ~/.vscode/extensions/ms-python.python-2024.2.1/pythonFiles/get_output_via_markers.py ~/.vscode/extensions/ms-python.python-2024.2.1/pythonFiles/interpreterInfo.py
2024-03-31 16:08:26.185 [info] > /usr/bin/python3.6 -I ~/.vscode/extensions/ms-python.python-2024.2.1/pythonFiles/get_output_via_markers.py ~/.vscode/extensions/ms-python.python-2024.2.1/pythonFiles/interpreterInfo.py
2024-03-31 16:08:26.192 [info] > /usr/include/python3.5 -I ~/.vscode/extensions/ms-python.python-2024.2.1/pythonFiles/get_output_via_markers.py ~/.vscode/extensions/ms-python.python-2024.2.1/pythonFiles/interpreterInfo.py
2024-03-31 16:08:26.195 [info] > /usr/include/python3.6 -I ~/.vscode/extensions/ms-python.python-2024.2.1/pythonFiles/get_output_via_markers.py ~/.vscode/extensions/ms-python.python-2024.2.1/pythonFiles/interpreterInfo.py
2024-03-31 16:08:26.196 [error] [Error: Command failed: /usr/include/python3.5 -I /root/.vscode/extensions/ms-python.python-2024.2.1/pythonFiles/get_output_via_markers.py /root/.vscode/extensions/ms-python.python-2024.2.1/pythonFiles/interpreterInfo.py
/bin/sh: /usr/include/python3.5：是一个目录

	at ChildProcess.exithandler (node:child_process:420:12)
	at ChildProcess.emit (node:events:526:35)
	at maybeClose (node:internal/child_process:1091:16)
	at Process.onexit (node:internal/child_process:302:5)] {
  code: 126,
  killed: false,
  signal: null,
  cmd: '/usr/include/python3.5 -I /root/.vscode/extensions/ms-python.python-2024.2.1/pythonFiles/get_output_via_markers.py /root/.vscode/extensions/ms-python.python-2024.2.1/pythonFiles/interpreterInfo.py'
}
2024-03-31 16:08:26.197 [error] [Error: Command failed: /usr/include/python3.6 -I /root/.vscode/extensions/ms-python.python-2024.2.1/pythonFiles/get_output_via_markers.py /root/.vscode/extensions/ms-python.python-2024.2.1/pythonFiles/interpreterInfo.py
/bin/sh: /usr/include/python3.6：是一个目录

	at ChildProcess.exithandler (node:child_process:420:12)
	at ChildProcess.emit (node:events:526:35)
	at maybeClose (node:internal/child_process:1091:16)
	at Socket.<anonymous> (node:internal/child_process:449:11)
	at Socket.emit (node:events:514:28)
	at Pipe.<anonymous> (node:net:323:12)] {
  code: 126,
  killed: false,
  signal: null,
  cmd: '/usr/include/python3.6 -I /root/.vscode/extensions/ms-python.python-2024.2.1/pythonFiles/get_output_via_markers.py /root/.vscode/extensions/ms-python.python-2024.2.1/pythonFiles/interpreterInfo.py'
}
2024-03-31 16:08:26.213 [info] > /home/hive/miniconda3/bin/python -I ~/.vscode/extensions/ms-python.python-2024.2.1/pythonFiles/get_output_via_markers.py ~/.vscode/extensions/ms-python.python-2024.2.1/pythonFiles/interpreterInfo.py
2024-03-31 16:08:26.222 [info] > /home/hive/.conda/envs/3DBonet2/bin/python -I ~/.vscode/extensions/ms-python.python-2024.2.1/pythonFiles/get_output_via_markers.py ~/.vscode/extensions/ms-python.python-2024.2.1/pythonFiles/interpreterInfo.py
2024-03-31 16:08:26.243 [info] > /home/hive/.conda/envs/LiDOG/bin/python -I ~/.vscode/extensions/ms-python.python-2024.2.1/pythonFiles/get_output_via_markers.py ~/.vscode/extensions/ms-python.python-2024.2.1/pythonFiles/interpreterInfo.py
2024-03-31 16:08:26.247 [info] > /home/hive/.conda/envs/OnlineRandomForest/bin/python -I ~/.vscode/extensions/ms-python.python-2024.2.1/pythonFiles/get_output_via_markers.py ~/.vscode/extensions/ms-python.python-2024.2.1/pythonFiles/interpreterInfo.py
2024-03-31 16:08:26.268 [info] > python -I ~/.vscode/extensions/ms-python.python-2024.2.1/pythonFiles/get_output_via_markers.py ~/.vscode/extensions/ms-python.python-2024.2.1/pythonFiles/interpreterInfo.py
2024-03-31 16:08:26.273 [info] > /home/hive/.conda/envs/RSPrompter/bin/python -I ~/.vscode/extensions/ms-python.python-2024.2.1/pythonFiles/get_output_via_markers.py ~/.vscode/extensions/ms-python.python-2024.2.1/pythonFiles/interpreterInfo.py
2024-03-31 16:08:26.295 [info] > /home/hive/.conda/envs/bseg/bin/python -I ~/.vscode/extensions/ms-python.python-2024.2.1/pythonFiles/get_output_via_markers.py ~/.vscode/extensions/ms-python.python-2024.2.1/pythonFiles/interpreterInfo.py
2024-03-31 16:08:26.302 [info] > /home/hive/.conda/envs/dmodel/bin/python -I ~/.vscode/extensions/ms-python.python-2024.2.1/pythonFiles/get_output_via_markers.py ~/.vscode/extensions/ms-python.python-2024.2.1/pythonFiles/interpreterInfo.py
2024-03-31 16:08:26.327 [info] > /home/hive/.conda/envs/fno/bin/python -I ~/.vscode/extensions/ms-python.python-2024.2.1/pythonFiles/get_output_via_markers.py ~/.vscode/extensions/ms-python.python-2024.2.1/pythonFiles/interpreterInfo.py
2024-03-31 16:08:26.331 [info] > /home/hive/.conda/envs/mitsuba/bin/python -I ~/.vscode/extensions/ms-python.python-2024.2.1/pythonFiles/get_output_via_markers.py ~/.vscode/extensions/ms-python.python-2024.2.1/pythonFiles/interpreterInfo.py
2024-03-31 16:08:26.348 [info] > /home/hive/.conda/envs/mprm-tf2.4/bin/python -I ~/.vscode/extensions/ms-python.python-2024.2.1/pythonFiles/get_output_via_markers.py ~/.vscode/extensions/ms-python.python-2024.2.1/pythonFiles/interpreterInfo.py
2024-03-31 16:08:26.354 [info] > /home/hive/.conda/envs/nerf/bin/python -I ~/.vscode/extensions/ms-python.python-2024.2.1/pythonFiles/get_output_via_markers.py ~/.vscode/extensions/ms-python.python-2024.2.1/pythonFiles/interpreterInfo.py
2024-03-31 16:08:26.377 [info] > /home/hive/.conda/envs/pointnet/bin/python -I ~/.vscode/extensions/ms-python.python-2024.2.1/pythonFiles/get_output_via_markers.py ~/.vscode/extensions/ms-python.python-2024.2.1/pythonFiles/interpreterInfo.py
2024-03-31 16:08:26.383 [info] > /home/hive/.conda/envs/pytorch3d/bin/python -I ~/.vscode/extensions/ms-python.python-2024.2.1/pythonFiles/get_output_via_markers.py ~/.vscode/extensions/ms-python.python-2024.2.1/pythonFiles/interpreterInfo.py
2024-03-31 16:08:26.402 [info] > /home/hive/.conda/envs/randlanetTF2/bin/python -I ~/.vscode/extensions/ms-python.python-2024.2.1/pythonFiles/get_output_via_markers.py ~/.vscode/extensions/ms-python.python-2024.2.1/pythonFiles/interpreterInfo.py
2024-03-31 16:08:26.409 [info] > /home/hive/.conda/envs/reconstruct/bin/python -I ~/.vscode/extensions/ms-python.python-2024.2.1/pythonFiles/get_output_via_markers.py ~/.vscode/extensions/ms-python.python-2024.2.1/pythonFiles/interpreterInfo.py
2024-03-31 16:08:28.200 [info] > /usr/include/python3.5 -I ~/.vscode/extensions/ms-python.python-2024.2.1/pythonFiles/get_output_via_markers.py ~/.vscode/extensions/ms-python.python-2024.2.1/pythonFiles/interpreterInfo.py
2024-03-31 16:08:28.203 [info] > /usr/include/python3.6 -I ~/.vscode/extensions/ms-python.python-2024.2.1/pythonFiles/get_output_via_markers.py ~/.vscode/extensions/ms-python.python-2024.2.1/pythonFiles/interpreterInfo.py
2024-03-31 16:08:28.204 [error] [Error: Command failed: /usr/include/python3.5 -I /root/.vscode/extensions/ms-python.python-2024.2.1/pythonFiles/get_output_via_markers.py /root/.vscode/extensions/ms-python.python-2024.2.1/pythonFiles/interpreterInfo.py
/bin/sh: /usr/include/python3.5：是一个目录

	at ChildProcess.exithandler (node:child_process:420:12)
	at ChildProcess.emit (node:events:526:35)
	at maybeClose (node:internal/child_process:1091:16)
	at Socket.<anonymous> (node:internal/child_process:449:11)
	at Socket.emit (node:events:514:28)
	at Pipe.<anonymous> (node:net:323:12)] {
  code: 126,
  killed: false,
  signal: null,
  cmd: '/usr/include/python3.5 -I /root/.vscode/extensions/ms-python.python-2024.2.1/pythonFiles/get_output_via_markers.py /root/.vscode/extensions/ms-python.python-2024.2.1/pythonFiles/interpreterInfo.py'
}
2024-03-31 16:08:28.205 [error] [Error: Command failed: /usr/include/python3.6 -I /root/.vscode/extensions/ms-python.python-2024.2.1/pythonFiles/get_output_via_markers.py /root/.vscode/extensions/ms-python.python-2024.2.1/pythonFiles/interpreterInfo.py
/bin/sh: /usr/include/python3.6：是一个目录

	at ChildProcess.exithandler (node:child_process:420:12)
	at ChildProcess.emit (node:events:526:35)
	at maybeClose (node:internal/child_process:1091:16)
	at Socket.<anonymous> (node:internal/child_process:449:11)
	at Socket.emit (node:events:514:28)
	at Pipe.<anonymous> (node:net:323:12)] {
  code: 126,
  killed: false,
  signal: null,
  cmd: '/usr/include/python3.6 -I /root/.vscode/extensions/ms-python.python-2024.2.1/pythonFiles/get_output_via_markers.py /root/.vscode/extensions/ms-python.python-2024.2.1/pythonFiles/interpreterInfo.py'
}
2024-03-31 16:08:28.234 [warning] Retry failed, storage update failed for key PYTHON_GLOBAL_STORAGE_KEYS
2024-03-31 16:08:28.692 [error] extension activation failed [Error: command 'python.viewOutput' already exists
	at l.registerCommand (/usr/share/code/resources/app/out/vs/workbench/api/node/extensionHostProcess.js:150:183445)
	at Object.registerCommand (/usr/share/code/resources/app/out/vs/workbench/api/node/extensionHostProcess.js:160:20857)
	at s.registerCommand (/root/.vscode/extensions/ms-python.python-2024.2.1/out/client/extension.js:2:103025)
	at /root/.vscode/extensions/ms-python.python-2024.2.1/out/client/extension.js:2:387996
	at async t.activateComponents (/root/.vscode/extensions/ms-python.python-2024.2.1/out/client/extension.js:2:386960)
	at async /root/.vscode/extensions/ms-python.python-2024.2.1/out/client/extension.js:2:2903458
	at async e (/root/.vscode/extensions/ms-python.python-2024.2.1/out/client/extension.js:2:2902990)
	at async /root/.vscode/extensions/ms-python.python-2024.2.1/out/client/extension.js:2:2902967]
2024-03-31 16:08:35.892 [info] Python 解释器路径: /usr/bin/python
2024-03-31 16:08:39.163 [info] 正在启动 Pylance 语言服务器。
