2024-02-22 16:33:12.594 [info] update#setState idle
2024-02-22 16:33:13.472 [error] update#isLatestVersion(): failed to check for updates
2024-02-22 16:33:13.472 [error] Error: net::ERR_PROXY_CONNECTION_FAILED
    at SimpleURLLoaderWrapper.<anonymous> (node:electron/js2c/browser_init:2:49312)
    at SimpleURLLoaderWrapper.emit (node:events:513:28)
2024-02-22 16:33:15.692 [error] update#isLatestVersion(): failed to check for updates
2024-02-22 16:33:15.692 [error] Error: net::ERR_PROXY_CONNECTION_FAILED
    at SimpleURLLoaderWrapper.<anonymous> (node:electron/js2c/browser_init:2:49312)
    at SimpleURLLoaderWrapper.emit (node:events:513:28)
2024-02-22 16:33:42.596 [info] update#setState checking for updates
2024-02-22 16:33:42.599 [error] Error: net::ERR_PROXY_CONNECTION_FAILED
    at SimpleURLLoaderWrapper.<anonymous> (node:electron/js2c/browser_init:2:49312)
    at SimpleURLLoaderWrapper.emit (node:events:513:28)
2024-02-22 16:33:42.599 [info] update#setState idle
2024-02-22 17:33:42.600 [info] update#setState checking for updates
2024-02-22 17:33:42.603 [error] Error: net::ERR_PROXY_CONNECTION_FAILED
    at SimpleURLLoaderWrapper.<anonymous> (node:electron/js2c/browser_init:2:49312)
    at SimpleURLLoaderWrapper.emit (node:events:513:28)
2024-02-22 17:33:42.604 [info] update#setState idle
2024-02-22 18:33:42.601 [info] update#setState checking for updates
2024-02-22 18:33:42.604 [error] Error: net::ERR_PROXY_CONNECTION_FAILED
    at SimpleURLLoaderWrapper.<anonymous> (node:electron/js2c/browser_init:2:49312)
    at SimpleURLLoaderWrapper.emit (node:events:513:28)
2024-02-22 18:33:42.604 [info] update#setState idle
2024-02-22 19:33:42.603 [info] update#setState checking for updates
2024-02-22 19:33:42.606 [error] Error: net::ERR_PROXY_CONNECTION_FAILED
    at SimpleURLLoaderWrapper.<anonymous> (node:electron/js2c/browser_init:2:49312)
    at SimpleURLLoaderWrapper.emit (node:events:513:28)
2024-02-22 19:33:42.607 [info] update#setState idle
2024-02-22 20:33:42.605 [info] update#setState checking for updates
2024-02-22 20:33:42.607 [error] Error: net::ERR_PROXY_CONNECTION_FAILED
    at SimpleURLLoaderWrapper.<anonymous> (node:electron/js2c/browser_init:2:49312)
    at SimpleURLLoaderWrapper.emit (node:events:513:28)
2024-02-22 20:33:42.608 [info] update#setState idle
2024-02-22 21:13:37.780 [info] Extension host with pid 30759 exited with code: 0, signal: unknown.
