2024-02-25 19:55:04.666 [info] 日志级别: Info
2024-02-25 19:55:04.666 [info] 正在验证在以下位置找到的 git: "git"
2024-02-25 19:55:04.666 [info] 将使用位于 "2.17.1" 的 Git "git"
2024-02-25 19:55:04.666 [info] > git rev-parse --show-toplevel [2ms]
2024-02-25 19:55:04.666 [info] fatal: 不是一个 git 仓库（或者任何父目录）：.git
2024-02-25 19:55:04.666 [info] > git rev-parse --show-toplevel [2ms]
2024-02-25 19:55:04.666 [info] fatal: 不是一个 git 仓库（或者任何父目录）：.git
2024-02-25 19:55:04.667 [info] > git rev-parse --show-toplevel [1ms]
2024-02-25 19:55:04.667 [info] fatal: 不是一个 git 仓库（或者任何父目录）：.git
2024-02-25 19:55:04.692 [info] > git rev-parse --show-toplevel [13ms]
2024-02-25 19:55:04.692 [info] fatal: 不是一个 git 仓库（或者任何父目录）：.git
2024-02-25 19:55:04.702 [info] > git rev-parse --show-toplevel [0ms]
2024-02-25 19:55:04.702 [info] fatal: 不是一个 git 仓库（或者任何父目录）：.git
2024-02-25 19:55:04.715 [info] > git rev-parse --show-toplevel [7ms]
2024-02-25 19:55:04.715 [info] fatal: 不是一个 git 仓库（或者任何父目录）：.git
2024-02-25 19:55:04.727 [info] > git rev-parse --show-toplevel [1ms]
2024-02-25 19:55:04.727 [info] fatal: 不是一个 git 仓库（或者任何父目录）：.git
2024-02-25 19:55:04.732 [info] > git rev-parse --show-toplevel [2ms]
2024-02-25 19:55:04.732 [info] fatal: 不是一个 git 仓库（或者任何父目录）：.git
2024-02-25 19:55:04.749 [info] > git rev-parse --show-toplevel [10ms]
2024-02-25 19:55:04.749 [info] fatal: 不是一个 git 仓库（或者任何父目录）：.git
2024-02-25 19:55:04.757 [info] > git rev-parse --show-toplevel [1ms]
2024-02-25 19:55:04.757 [info] fatal: 不是一个 git 仓库（或者任何父目录）：.git
2024-02-25 19:55:05.352 [info] > git rev-parse --show-toplevel [1ms]
2024-02-25 19:55:05.352 [info] fatal: 不是一个 git 仓库（或者任何父目录）：.git
2024-02-25 19:55:10.420 [info] > git rev-parse --show-toplevel [1ms]
2024-02-25 19:55:10.420 [info] fatal: 不是一个 git 仓库（或者任何父目录）：.git
2024-02-25 19:55:12.872 [info] > git rev-parse --show-toplevel [2ms]
2024-02-25 19:55:12.872 [info] fatal: 不是一个 git 仓库（或者任何父目录）：.git
2024-02-25 19:55:15.742 [info] > git rev-parse --show-toplevel [1ms]
2024-02-25 19:55:15.742 [info] fatal: 不是一个 git 仓库（或者任何父目录）：.git
2024-02-25 19:55:17.360 [info] > git rev-parse --show-toplevel [2ms]
2024-02-25 19:55:17.360 [info] fatal: 不是一个 git 仓库（或者任何父目录）：.git
2024-02-25 20:25:55.777 [info] > git rev-parse --show-toplevel [1ms]
2024-02-25 20:25:55.777 [info] fatal: 不是一个 git 仓库（或者任何父目录）：.git
2024-02-25 20:26:10.263 [info] > git rev-parse --show-toplevel [2ms]
2024-02-25 20:26:10.263 [info] fatal: 不是一个 git 仓库（或者任何父目录）：.git
2024-02-25 20:26:10.850 [info] > git rev-parse --show-toplevel [3ms]
2024-02-25 20:26:10.850 [info] fatal: 不是一个 git 仓库（或者任何父目录）：.git
2024-02-25 20:26:13.158 [info] > git rev-parse --show-toplevel [1ms]
2024-02-25 20:26:13.158 [info] fatal: 不是一个 git 仓库（或者任何父目录）：.git
