2024-02-23 14:04:30.318 [info] update#setState idle
2024-02-23 14:04:31.778 [error] update#isLatestVersion(): failed to check for updates
2024-02-23 14:04:31.778 [error] Error: net::ERR_PROXY_CONNECTION_FAILED
    at SimpleURLLoaderWrapper.<anonymous> (node:electron/js2c/browser_init:2:49312)
    at SimpleURLLoaderWrapper.emit (node:events:513:28)
2024-02-23 14:05:00.322 [info] update#setState checking for updates
2024-02-23 14:05:00.324 [error] Error: net::ERR_PROXY_CONNECTION_FAILED
    at SimpleURLLoaderWrapper.<anonymous> (node:electron/js2c/browser_init:2:49312)
    at SimpleURLLoaderWrapper.emit (node:events:513:28)
2024-02-23 14:05:00.325 [info] update#setState idle
2024-02-23 15:05:00.325 [info] update#setState checking for updates
2024-02-23 15:05:00.329 [error] Error: net::ERR_PROXY_CONNECTION_FAILED
    at SimpleURLLoaderWrapper.<anonymous> (node:electron/js2c/browser_init:2:49312)
    at SimpleURLLoaderWrapper.emit (node:events:513:28)
2024-02-23 15:05:00.329 [info] update#setState idle
2024-02-23 16:05:00.330 [info] update#setState checking for updates
2024-02-23 16:05:00.333 [error] Error: net::ERR_PROXY_CONNECTION_FAILED
    at SimpleURLLoaderWrapper.<anonymous> (node:electron/js2c/browser_init:2:49312)
    at SimpleURLLoaderWrapper.emit (node:events:513:28)
2024-02-23 16:05:00.333 [info] update#setState idle
2024-02-23 17:05:00.333 [info] update#setState checking for updates
2024-02-23 17:05:00.336 [error] Error: net::ERR_PROXY_CONNECTION_FAILED
    at SimpleURLLoaderWrapper.<anonymous> (node:electron/js2c/browser_init:2:49312)
    at SimpleURLLoaderWrapper.emit (node:events:513:28)
2024-02-23 17:05:00.337 [info] update#setState idle
2024-02-23 17:24:23.942 [info] Extension host with pid 22375 exited with code: 0, signal: unknown.
