2024-02-23 17:24:42.933 [error] Failed to establish a socket connection to proxies: ["PROXY 127.0.0.1:7890/"]: Error: Failed to establish a socket connection to proxies: ["PROXY 127.0.0.1:7890/"]
	at _PacProxyAgent.<anonymous> (/usr/share/code/resources/app/node_modules.asar/@vscode/proxy-agent/out/agent.js:132:19)
	at Generator.throw (<anonymous>)
	at rejected (/usr/share/code/resources/app/node_modules.asar/@vscode/proxy-agent/out/agent.js:6:65)
	at process.processTicksAndRejections (node:internal/process/task_queues:96:5)
2024-02-23 17:24:43.026 [info] [perf] Render performance baseline is 26ms
2024-02-23 17:43:53.859 [error] Cannot read properties of undefined (reading 'data'): TypeError: Cannot read properties of undefined (reading 'data')
	at /root/.vscode/extensions/ms-python.vscode-pylance-2023.12.1/dist/extension.bundle.js:1:139734
	at _0x1be708 (/root/.vscode/extensions/ms-python.vscode-pylance-2023.12.1/dist/extension.bundle.js:1:152918)
	at async ce.provideCompletionItems (/usr/share/code/resources/app/out/vs/workbench/api/node/extensionHostProcess.js:104:50188)
2024-02-23 17:45:11.517 [error] 无法读取文件'/*** unresolved ***' (Error: 无法解析不存在的文件 '/*** unresolved ***'): Error: 无法读取文件'/*** unresolved ***' (Error: 无法解析不存在的文件 '/*** unresolved ***')
    at o.w (vscode-file://vscode-app/usr/share/code/resources/app/out/vs/workbench/workbench.desktop.main.js:627:16409)
    at o.v (vscode-file://vscode-app/usr/share/code/resources/app/out/vs/workbench/workbench.desktop.main.js:627:16204)
    at async b.H (vscode-file://vscode-app/usr/share/code/resources/app/out/vs/workbench/workbench.desktop.main.js:2319:36931)
    at async b.readStream (vscode-file://vscode-app/usr/share/code/resources/app/out/vs/workbench/workbench.desktop.main.js:2319:36685)
    at async er.zb (vscode-file://vscode-app/usr/share/code/resources/app/out/vs/workbench/workbench.desktop.main.js:2308:29120)
    at async er.resolve (vscode-file://vscode-app/usr/share/code/resources/app/out/vs/workbench/workbench.desktop.main.js:2308:27567)
    at async o.P (vscode-file://vscode-app/usr/share/code/resources/app/out/vs/workbench/workbench.desktop.main.js:2319:33116)
    at async r.m (vscode-file://vscode-app/usr/share/code/resources/app/out/vs/workbench/workbench.desktop.main.js:2308:37273)
    at async d.acquire (vscode-file://vscode-app/usr/share/code/resources/app/out/vs/workbench/workbench.desktop.main.js:19:30395)
    at async c.createModelReference (vscode-file://vscode-app/usr/share/code/resources/app/out/vs/workbench/workbench.desktop.main.js:2308:38836)
2024-02-25 14:28:25.995 [error] Cannot read properties of undefined (reading 'data'): TypeError: Cannot read properties of undefined (reading 'data')
	at /root/.vscode/extensions/ms-python.vscode-pylance-2023.12.1/dist/extension.bundle.js:1:139734
	at _0x1be708 (/root/.vscode/extensions/ms-python.vscode-pylance-2023.12.1/dist/extension.bundle.js:1:152918)
	at async ce.provideCompletionItems (/usr/share/code/resources/app/out/vs/workbench/api/node/extensionHostProcess.js:104:50188)
