2024-02-22 13:47:06.558 [info] update#setState idle
2024-02-22 13:47:07.485 [error] update#isLatestVersion(): failed to check for updates
2024-02-22 13:47:07.486 [error] Error: net::ERR_PROXY_CONNECTION_FAILED
    at SimpleURLLoaderWrapper.<anonymous> (node:electron/js2c/browser_init:2:49312)
    at SimpleURLLoaderWrapper.emit (node:events:513:28)
2024-02-22 13:47:09.684 [error] update#isLatestVersion(): failed to check for updates
2024-02-22 13:47:09.684 [error] Error: net::ERR_PROXY_CONNECTION_FAILED
    at SimpleURLLoaderWrapper.<anonymous> (node:electron/js2c/browser_init:2:49312)
    at SimpleURLLoaderWrapper.emit (node:events:513:28)
2024-02-22 13:47:36.559 [info] update#setState checking for updates
2024-02-22 13:47:36.562 [error] Error: net::ERR_PROXY_CONNECTION_FAILED
    at SimpleURLLoaderWrapper.<anonymous> (node:electron/js2c/browser_init:2:49312)
    at SimpleURLLoaderWrapper.emit (node:events:513:28)
2024-02-22 13:47:36.562 [info] update#setState idle
2024-02-22 14:47:36.561 [info] update#setState checking for updates
2024-02-22 14:47:36.564 [error] Error: net::ERR_PROXY_CONNECTION_FAILED
    at SimpleURLLoaderWrapper.<anonymous> (node:electron/js2c/browser_init:2:49312)
    at SimpleURLLoaderWrapper.emit (node:events:513:28)
2024-02-22 14:47:36.564 [info] update#setState idle
2024-02-22 15:47:36.564 [info] update#setState checking for updates
2024-02-22 15:47:36.566 [error] Error: net::ERR_PROXY_CONNECTION_FAILED
    at SimpleURLLoaderWrapper.<anonymous> (node:electron/js2c/browser_init:2:49312)
    at SimpleURLLoaderWrapper.emit (node:events:513:28)
2024-02-22 15:47:36.567 [info] update#setState idle
