2024-02-23 14:04:33.742 [error] Failed to establish a socket connection to proxies: ["PROXY 127.0.0.1:7890/"]: Error: Failed to establish a socket connection to proxies: ["PROXY 127.0.0.1:7890/"]
	at _PacProxyAgent.<anonymous> (/usr/share/code/resources/app/node_modules.asar/@vscode/proxy-agent/out/agent.js:132:19)
	at Generator.throw (<anonymous>)
	at rejected (/usr/share/code/resources/app/node_modules.asar/@vscode/proxy-agent/out/agent.js:6:65)
	at process.processTicksAndRejections (node:internal/process/task_queues:96:5)
2024-02-23 14:04:33.802 [info] [perf] Render performance baseline is 29ms
2024-02-23 14:06:17.527 [error] Cannot read properties of undefined (reading 'data'): TypeError: Cannot read properties of undefined (reading 'data')
	at /root/.vscode/extensions/ms-python.vscode-pylance-2023.12.1/dist/extension.bundle.js:1:139734
	at _0x1be708 (/root/.vscode/extensions/ms-python.vscode-pylance-2023.12.1/dist/extension.bundle.js:1:152918)
	at async ce.provideCompletionItems (/usr/share/code/resources/app/out/vs/workbench/api/node/extensionHostProcess.js:104:50188)
2024-02-23 14:10:26.194 [error] 无法读取文件'/*** unresolved ***' (Error: 无法解析不存在的文件 '/*** unresolved ***'): Error: 无法读取文件'/*** unresolved ***' (Error: 无法解析不存在的文件 '/*** unresolved ***')
    at o.w (vscode-file://vscode-app/usr/share/code/resources/app/out/vs/workbench/workbench.desktop.main.js:627:16409)
    at o.v (vscode-file://vscode-app/usr/share/code/resources/app/out/vs/workbench/workbench.desktop.main.js:627:16204)
    at async b.H (vscode-file://vscode-app/usr/share/code/resources/app/out/vs/workbench/workbench.desktop.main.js:2319:36931)
    at async b.readStream (vscode-file://vscode-app/usr/share/code/resources/app/out/vs/workbench/workbench.desktop.main.js:2319:36685)
    at async er.zb (vscode-file://vscode-app/usr/share/code/resources/app/out/vs/workbench/workbench.desktop.main.js:2308:29120)
    at async er.resolve (vscode-file://vscode-app/usr/share/code/resources/app/out/vs/workbench/workbench.desktop.main.js:2308:27567)
    at async o.P (vscode-file://vscode-app/usr/share/code/resources/app/out/vs/workbench/workbench.desktop.main.js:2319:33116)
    at async r.m (vscode-file://vscode-app/usr/share/code/resources/app/out/vs/workbench/workbench.desktop.main.js:2308:37273)
    at async d.acquire (vscode-file://vscode-app/usr/share/code/resources/app/out/vs/workbench/workbench.desktop.main.js:19:30395)
    at async c.createModelReference (vscode-file://vscode-app/usr/share/code/resources/app/out/vs/workbench/workbench.desktop.main.js:2308:38836)
2024-02-23 14:10:26.480 [error] Error: 由于找不到该文件，因此无法打开编辑器。
    at fh.bc (vscode-file://vscode-app/usr/share/code/resources/app/out/vs/workbench/workbench.desktop.main.js:2297:19556)
    at async fh.setInput (vscode-file://vscode-app/usr/share/code/resources/app/out/vs/workbench/workbench.desktop.main.js:2297:18643)
    at async s.M (vscode-file://vscode-app/usr/share/code/resources/app/out/vs/workbench/workbench.desktop.main.js:2295:20269)
    at async s.D (vscode-file://vscode-app/usr/share/code/resources/app/out/vs/workbench/workbench.desktop.main.js:2295:18937)
    at async s.openEditor (vscode-file://vscode-app/usr/share/code/resources/app/out/vs/workbench/workbench.desktop.main.js:2295:17925)
    at async vscode-file://vscode-app/usr/share/code/resources/app/out/vs/workbench/workbench.desktop.main.js:2480:12423
    at async v.G (vscode-file://vscode-app/usr/share/code/resources/app/out/vs/workbench/workbench.desktop.main.js:1158:85944)
    at async v.openCodeEditor (vscode-file://vscode-app/usr/share/code/resources/app/out/vs/workbench/workbench.desktop.main.js:702:4545)
    at async A.m (vscode-file://vscode-app/usr/share/code/resources/app/out/vs/workbench/workbench.desktop.main.js:758:56760)
    at async A.l (vscode-file://vscode-app/usr/share/code/resources/app/out/vs/workbench/workbench.desktop.main.js:758:56548)
2024-02-23 14:23:10.124 [error] Cannot read properties of undefined (reading 'data'): TypeError: Cannot read properties of undefined (reading 'data')
	at /root/.vscode/extensions/ms-python.vscode-pylance-2023.12.1/dist/extension.bundle.js:1:139734
	at _0x1be708 (/root/.vscode/extensions/ms-python.vscode-pylance-2023.12.1/dist/extension.bundle.js:1:152918)
	at async ce.provideCompletionItems (/usr/share/code/resources/app/out/vs/workbench/api/node/extensionHostProcess.js:104:50188)
2024-02-23 14:29:02.556 [error] 无法读取文件'/*** unresolved ***' (Error: 无法解析不存在的文件 '/*** unresolved ***'): Error: 无法读取文件'/*** unresolved ***' (Error: 无法解析不存在的文件 '/*** unresolved ***')
    at o.w (vscode-file://vscode-app/usr/share/code/resources/app/out/vs/workbench/workbench.desktop.main.js:627:16409)
    at o.v (vscode-file://vscode-app/usr/share/code/resources/app/out/vs/workbench/workbench.desktop.main.js:627:16204)
    at async b.H (vscode-file://vscode-app/usr/share/code/resources/app/out/vs/workbench/workbench.desktop.main.js:2319:36931)
    at async b.readStream (vscode-file://vscode-app/usr/share/code/resources/app/out/vs/workbench/workbench.desktop.main.js:2319:36685)
    at async er.zb (vscode-file://vscode-app/usr/share/code/resources/app/out/vs/workbench/workbench.desktop.main.js:2308:29120)
    at async er.resolve (vscode-file://vscode-app/usr/share/code/resources/app/out/vs/workbench/workbench.desktop.main.js:2308:27567)
    at async o.P (vscode-file://vscode-app/usr/share/code/resources/app/out/vs/workbench/workbench.desktop.main.js:2319:33116)
    at async r.m (vscode-file://vscode-app/usr/share/code/resources/app/out/vs/workbench/workbench.desktop.main.js:2308:37273)
    at async d.acquire (vscode-file://vscode-app/usr/share/code/resources/app/out/vs/workbench/workbench.desktop.main.js:19:30395)
    at async c.createModelReference (vscode-file://vscode-app/usr/share/code/resources/app/out/vs/workbench/workbench.desktop.main.js:2308:38836)
2024-02-23 14:29:02.876 [error] Error: 由于找不到该文件，因此无法打开编辑器。
    at fh.bc (vscode-file://vscode-app/usr/share/code/resources/app/out/vs/workbench/workbench.desktop.main.js:2297:19556)
    at async fh.setInput (vscode-file://vscode-app/usr/share/code/resources/app/out/vs/workbench/workbench.desktop.main.js:2297:18643)
    at async s.M (vscode-file://vscode-app/usr/share/code/resources/app/out/vs/workbench/workbench.desktop.main.js:2295:20269)
    at async s.D (vscode-file://vscode-app/usr/share/code/resources/app/out/vs/workbench/workbench.desktop.main.js:2295:18937)
    at async s.openEditor (vscode-file://vscode-app/usr/share/code/resources/app/out/vs/workbench/workbench.desktop.main.js:2295:17925)
    at async vscode-file://vscode-app/usr/share/code/resources/app/out/vs/workbench/workbench.desktop.main.js:2480:12423
    at async v.G (vscode-file://vscode-app/usr/share/code/resources/app/out/vs/workbench/workbench.desktop.main.js:1158:85944)
    at async v.openCodeEditor (vscode-file://vscode-app/usr/share/code/resources/app/out/vs/workbench/workbench.desktop.main.js:702:4545)
    at async A.m (vscode-file://vscode-app/usr/share/code/resources/app/out/vs/workbench/workbench.desktop.main.js:758:56760)
    at async A.l (vscode-file://vscode-app/usr/share/code/resources/app/out/vs/workbench/workbench.desktop.main.js:758:56548)
2024-02-23 15:24:01.841 [error] Cannot read properties of undefined (reading 'data'): TypeError: Cannot read properties of undefined (reading 'data')
	at /root/.vscode/extensions/ms-python.vscode-pylance-2023.12.1/dist/extension.bundle.js:1:139734
	at _0x1be708 (/root/.vscode/extensions/ms-python.vscode-pylance-2023.12.1/dist/extension.bundle.js:1:152918)
	at async ce.provideCompletionItems (/usr/share/code/resources/app/out/vs/workbench/api/node/extensionHostProcess.js:104:50188)
2024-02-23 16:16:14.514 [error] Cannot read properties of undefined (reading 'data'): TypeError: Cannot read properties of undefined (reading 'data')
	at /root/.vscode/extensions/ms-python.vscode-pylance-2023.12.1/dist/extension.bundle.js:1:139734
	at _0x1be708 (/root/.vscode/extensions/ms-python.vscode-pylance-2023.12.1/dist/extension.bundle.js:1:152918)
	at async ce.provideCompletionItems (/usr/share/code/resources/app/out/vs/workbench/api/node/extensionHostProcess.js:104:50188)
