2024-02-23 14:04:32.363 [info] 日志级别: Info
2024-02-23 14:04:32.364 [info] 正在验证在以下位置找到的 git: "git"
2024-02-23 14:04:32.364 [info] 将使用位于 "2.17.1" 的 Git "git"
2024-02-23 14:04:32.364 [info] > git rev-parse --show-toplevel [12ms]
2024-02-23 14:04:32.364 [info] fatal: 不是一个 git 仓库（或者任何父目录）：.git
2024-02-23 14:04:32.364 [info] > git rev-parse --show-toplevel [12ms]
2024-02-23 14:04:32.364 [info] fatal: 不是一个 git 仓库（或者任何父目录）：.git
2024-02-23 14:04:32.377 [info] > git rev-parse --show-toplevel [8ms]
2024-02-23 14:04:32.377 [info] fatal: 不是一个 git 仓库（或者任何父目录）：.git
2024-02-23 14:04:32.402 [info] > git rev-parse --show-toplevel [1ms]
2024-02-23 14:04:32.402 [info] fatal: 不是一个 git 仓库（或者任何父目录）：.git
2024-02-23 14:04:32.406 [info] > git rev-parse --show-toplevel [1ms]
2024-02-23 14:04:32.406 [info] fatal: 不是一个 git 仓库（或者任何父目录）：.git
2024-02-23 14:04:32.415 [info] > git rev-parse --show-toplevel [6ms]
2024-02-23 14:04:32.415 [info] fatal: 不是一个 git 仓库（或者任何父目录）：.git
2024-02-23 14:04:32.420 [info] > git rev-parse --show-toplevel [1ms]
2024-02-23 14:04:32.420 [info] fatal: 不是一个 git 仓库（或者任何父目录）：.git
2024-02-23 14:04:32.425 [info] > git rev-parse --show-toplevel [1ms]
2024-02-23 14:04:32.425 [info] fatal: 不是一个 git 仓库（或者任何父目录）：.git
2024-02-23 14:04:32.432 [info] > git rev-parse --show-toplevel [1ms]
2024-02-23 14:04:32.432 [info] fatal: 不是一个 git 仓库（或者任何父目录）：.git
2024-02-23 14:04:33.009 [info] > git rev-parse --show-toplevel [1ms]
2024-02-23 14:04:33.009 [info] fatal: 不是一个 git 仓库（或者任何父目录）：.git
2024-02-23 14:06:09.444 [info] > git rev-parse --show-toplevel [2ms]
2024-02-23 14:06:09.444 [info] fatal: 不是一个 git 仓库（或者任何父目录）：.git
2024-02-23 14:06:10.898 [info] > git rev-parse --show-toplevel [2ms]
2024-02-23 14:06:10.898 [info] fatal: 不是一个 git 仓库（或者任何父目录）：.git
2024-02-23 14:06:12.894 [info] > git rev-parse --show-toplevel [2ms]
2024-02-23 14:06:12.894 [info] fatal: 不是一个 git 仓库（或者任何父目录）：.git
2024-02-23 14:06:14.873 [info] > git rev-parse --show-toplevel [2ms]
2024-02-23 14:06:14.873 [info] fatal: 不是一个 git 仓库（或者任何父目录）：.git
2024-02-23 14:07:09.491 [info] > git rev-parse --show-toplevel [2ms]
2024-02-23 14:07:09.491 [info] fatal: 不是一个 git 仓库（或者任何父目录）：.git
2024-02-23 14:07:20.552 [info] > git rev-parse --show-toplevel [2ms]
2024-02-23 14:07:20.552 [info] fatal: 不是一个 git 仓库（或者任何父目录）：.git
2024-02-23 14:08:04.166 [info] > git rev-parse --show-toplevel [1ms]
2024-02-23 14:08:04.166 [info] fatal: 不是一个 git 仓库（或者任何父目录）：.git
2024-02-23 14:08:06.664 [info] > git rev-parse --show-toplevel [1ms]
2024-02-23 14:08:06.664 [info] fatal: 不是一个 git 仓库（或者任何父目录）：.git
2024-02-23 14:10:17.582 [info] > git rev-parse --show-toplevel [1ms]
2024-02-23 14:10:17.582 [info] fatal: 不是一个 git 仓库（或者任何父目录）：.git
2024-02-23 14:10:29.323 [info] > git rev-parse --show-toplevel [1ms]
2024-02-23 14:10:29.323 [info] fatal: 不是一个 git 仓库（或者任何父目录）：.git
2024-02-23 14:11:19.250 [info] > git rev-parse --show-toplevel [2ms]
2024-02-23 14:11:19.250 [info] fatal: 不是一个 git 仓库（或者任何父目录）：.git
2024-02-23 14:12:14.476 [info] > git rev-parse --show-toplevel [2ms]
2024-02-23 14:12:14.476 [info] fatal: 不是一个 git 仓库（或者任何父目录）：.git
2024-02-23 14:12:37.692 [info] > git rev-parse --show-toplevel [2ms]
2024-02-23 14:12:37.692 [info] fatal: 不是一个 git 仓库（或者任何父目录）：.git
2024-02-23 14:13:27.334 [info] > git rev-parse --show-toplevel [1ms]
2024-02-23 14:13:27.334 [info] fatal: 不是一个 git 仓库（或者任何父目录）：.git
2024-02-23 14:13:28.590 [info] > git rev-parse --show-toplevel [1ms]
2024-02-23 14:13:28.590 [info] fatal: 不是一个 git 仓库（或者任何父目录）：.git
2024-02-23 14:13:50.593 [info] > git rev-parse --show-toplevel [1ms]
2024-02-23 14:13:50.593 [info] fatal: 不是一个 git 仓库（或者任何父目录）：.git
2024-02-23 14:13:55.433 [info] > git rev-parse --show-toplevel [1ms]
2024-02-23 14:13:55.433 [info] fatal: 不是一个 git 仓库（或者任何父目录）：.git
2024-02-23 14:13:56.603 [info] > git rev-parse --show-toplevel [1ms]
2024-02-23 14:13:56.603 [info] fatal: 不是一个 git 仓库（或者任何父目录）：.git
2024-02-23 14:13:59.354 [info] > git rev-parse --show-toplevel [2ms]
2024-02-23 14:13:59.354 [info] fatal: 不是一个 git 仓库（或者任何父目录）：.git
2024-02-23 14:14:01.084 [info] > git rev-parse --show-toplevel [1ms]
2024-02-23 14:14:01.084 [info] fatal: 不是一个 git 仓库（或者任何父目录）：.git
2024-02-23 14:15:26.364 [info] > git rev-parse --show-toplevel [1ms]
2024-02-23 14:15:26.364 [info] fatal: 不是一个 git 仓库（或者任何父目录）：.git
2024-02-23 14:15:28.783 [info] > git rev-parse --show-toplevel [2ms]
2024-02-23 14:15:28.783 [info] fatal: 不是一个 git 仓库（或者任何父目录）：.git
2024-02-23 14:15:44.363 [info] > git rev-parse --show-toplevel [1ms]
2024-02-23 14:15:44.363 [info] fatal: 不是一个 git 仓库（或者任何父目录）：.git
2024-02-23 14:15:46.974 [info] > git rev-parse --show-toplevel [2ms]
2024-02-23 14:15:46.974 [info] fatal: 不是一个 git 仓库（或者任何父目录）：.git
2024-02-23 14:15:48.137 [info] > git rev-parse --show-toplevel [1ms]
2024-02-23 14:15:48.137 [info] fatal: 不是一个 git 仓库（或者任何父目录）：.git
2024-02-23 14:15:52.242 [info] > git rev-parse --show-toplevel [2ms]
2024-02-23 14:15:52.242 [info] fatal: 不是一个 git 仓库（或者任何父目录）：.git
2024-02-23 14:15:53.995 [info] > git rev-parse --show-toplevel [1ms]
2024-02-23 14:15:53.995 [info] fatal: 不是一个 git 仓库（或者任何父目录）：.git
2024-02-23 14:15:54.882 [info] > git rev-parse --show-toplevel [1ms]
2024-02-23 14:15:54.882 [info] fatal: 不是一个 git 仓库（或者任何父目录）：.git
2024-02-23 14:16:13.018 [info] > git rev-parse --show-toplevel [2ms]
2024-02-23 14:16:13.018 [info] fatal: 不是一个 git 仓库（或者任何父目录）：.git
2024-02-23 14:16:17.164 [info] > git rev-parse --show-toplevel [1ms]
2024-02-23 14:16:17.164 [info] fatal: 不是一个 git 仓库（或者任何父目录）：.git
2024-02-23 14:17:20.684 [info] > git rev-parse --show-toplevel [1ms]
2024-02-23 14:17:20.684 [info] fatal: 不是一个 git 仓库（或者任何父目录）：.git
2024-02-23 14:17:21.371 [info] > git rev-parse --show-toplevel [1ms]
2024-02-23 14:17:21.371 [info] fatal: 不是一个 git 仓库（或者任何父目录）：.git
2024-02-23 14:17:37.356 [info] > git rev-parse --show-toplevel [2ms]
2024-02-23 14:17:37.356 [info] fatal: 不是一个 git 仓库（或者任何父目录）：.git
2024-02-23 14:17:58.829 [info] > git rev-parse --show-toplevel [1ms]
2024-02-23 14:17:58.829 [info] fatal: 不是一个 git 仓库（或者任何父目录）：.git
2024-02-23 14:18:05.396 [info] > git rev-parse --show-toplevel [2ms]
2024-02-23 14:18:05.396 [info] fatal: 不是一个 git 仓库（或者任何父目录）：.git
2024-02-23 14:18:07.035 [info] > git rev-parse --show-toplevel [1ms]
2024-02-23 14:18:07.035 [info] fatal: 不是一个 git 仓库（或者任何父目录）：.git
2024-02-23 14:18:07.554 [info] > git rev-parse --show-toplevel [2ms]
2024-02-23 14:18:07.554 [info] fatal: 不是一个 git 仓库（或者任何父目录）：.git
2024-02-23 14:18:11.092 [info] > git rev-parse --show-toplevel [1ms]
2024-02-23 14:18:11.092 [info] fatal: 不是一个 git 仓库（或者任何父目录）：.git
2024-02-23 14:18:13.151 [info] > git rev-parse --show-toplevel [1ms]
2024-02-23 14:18:13.152 [info] fatal: 不是一个 git 仓库（或者任何父目录）：.git
2024-02-23 14:18:18.946 [info] > git rev-parse --show-toplevel [2ms]
2024-02-23 14:18:18.946 [info] fatal: 不是一个 git 仓库（或者任何父目录）：.git
2024-02-23 14:18:23.597 [info] > git rev-parse --show-toplevel [1ms]
2024-02-23 14:18:23.597 [info] fatal: 不是一个 git 仓库（或者任何父目录）：.git
2024-02-23 14:18:25.973 [info] > git rev-parse --show-toplevel [1ms]
2024-02-23 14:18:25.973 [info] fatal: 不是一个 git 仓库（或者任何父目录）：.git
2024-02-23 14:18:28.931 [info] > git rev-parse --show-toplevel [1ms]
2024-02-23 14:18:28.932 [info] fatal: 不是一个 git 仓库（或者任何父目录）：.git
2024-02-23 14:18:44.878 [info] > git rev-parse --show-toplevel [1ms]
2024-02-23 14:18:44.878 [info] fatal: 不是一个 git 仓库（或者任何父目录）：.git
2024-02-23 14:18:53.185 [info] > git rev-parse --show-toplevel [1ms]
2024-02-23 14:18:53.185 [info] fatal: 不是一个 git 仓库（或者任何父目录）：.git
2024-02-23 14:18:59.417 [info] > git rev-parse --show-toplevel [0ms]
2024-02-23 14:18:59.417 [info] fatal: 不是一个 git 仓库（或者任何父目录）：.git
2024-02-23 14:18:59.900 [info] > git rev-parse --show-toplevel [1ms]
2024-02-23 14:18:59.900 [info] fatal: 不是一个 git 仓库（或者任何父目录）：.git
2024-02-23 14:19:03.147 [info] > git rev-parse --show-toplevel [1ms]
2024-02-23 14:19:03.147 [info] fatal: 不是一个 git 仓库（或者任何父目录）：.git
2024-02-23 14:19:09.948 [info] > git rev-parse --show-toplevel [2ms]
2024-02-23 14:19:09.948 [info] fatal: 不是一个 git 仓库（或者任何父目录）：.git
2024-02-23 14:19:13.330 [info] > git rev-parse --show-toplevel [1ms]
2024-02-23 14:19:13.330 [info] fatal: 不是一个 git 仓库（或者任何父目录）：.git
2024-02-23 14:19:20.861 [info] > git rev-parse --show-toplevel [1ms]
2024-02-23 14:19:20.861 [info] fatal: 不是一个 git 仓库（或者任何父目录）：.git
2024-02-23 14:19:26.850 [info] > git rev-parse --show-toplevel [1ms]
2024-02-23 14:19:26.850 [info] fatal: 不是一个 git 仓库（或者任何父目录）：.git
2024-02-23 14:20:25.925 [info] > git rev-parse --show-toplevel [1ms]
2024-02-23 14:20:25.925 [info] fatal: 不是一个 git 仓库（或者任何父目录）：.git
2024-02-23 14:21:07.037 [info] > git rev-parse --show-toplevel [1ms]
2024-02-23 14:21:07.037 [info] fatal: 不是一个 git 仓库（或者任何父目录）：.git
2024-02-23 14:21:46.707 [info] > git rev-parse --show-toplevel [1ms]
2024-02-23 14:21:46.707 [info] fatal: 不是一个 git 仓库（或者任何父目录）：.git
2024-02-23 14:21:49.966 [info] > git rev-parse --show-toplevel [1ms]
2024-02-23 14:21:49.966 [info] fatal: 不是一个 git 仓库（或者任何父目录）：.git
2024-02-23 14:21:51.169 [info] > git rev-parse --show-toplevel [4ms]
2024-02-23 14:21:51.169 [info] fatal: 不是一个 git 仓库（或者任何父目录）：.git
2024-02-23 14:22:02.579 [info] > git rev-parse --show-toplevel [1ms]
2024-02-23 14:22:02.579 [info] fatal: 不是一个 git 仓库（或者任何父目录）：.git
2024-02-23 14:22:04.912 [info] > git rev-parse --show-toplevel [2ms]
2024-02-23 14:22:04.912 [info] fatal: 不是一个 git 仓库（或者任何父目录）：.git
2024-02-23 14:22:07.331 [info] > git rev-parse --show-toplevel [1ms]
2024-02-23 14:22:07.331 [info] fatal: 不是一个 git 仓库（或者任何父目录）：.git
2024-02-23 14:22:09.740 [info] > git rev-parse --show-toplevel [1ms]
2024-02-23 14:22:09.740 [info] fatal: 不是一个 git 仓库（或者任何父目录）：.git
2024-02-23 14:22:18.568 [info] > git rev-parse --show-toplevel [1ms]
2024-02-23 14:22:18.568 [info] fatal: 不是一个 git 仓库（或者任何父目录）：.git
2024-02-23 14:24:25.598 [info] > git rev-parse --show-toplevel [1ms]
2024-02-23 14:24:25.598 [info] fatal: 不是一个 git 仓库（或者任何父目录）：.git
2024-02-23 14:24:38.106 [info] > git rev-parse --show-toplevel [1ms]
2024-02-23 14:24:38.106 [info] fatal: 不是一个 git 仓库（或者任何父目录）：.git
2024-02-23 14:24:41.907 [info] > git rev-parse --show-toplevel [1ms]
2024-02-23 14:24:41.907 [info] fatal: 不是一个 git 仓库（或者任何父目录）：.git
2024-02-23 14:24:45.479 [info] > git rev-parse --show-toplevel [1ms]
2024-02-23 14:24:45.479 [info] fatal: 不是一个 git 仓库（或者任何父目录）：.git
2024-02-23 14:24:48.583 [info] > git rev-parse --show-toplevel [2ms]
2024-02-23 14:24:48.583 [info] fatal: 不是一个 git 仓库（或者任何父目录）：.git
2024-02-23 14:24:59.399 [info] > git rev-parse --show-toplevel [1ms]
2024-02-23 14:24:59.399 [info] fatal: 不是一个 git 仓库（或者任何父目录）：.git
2024-02-23 14:25:56.872 [info] > git rev-parse --show-toplevel [1ms]
2024-02-23 14:25:56.872 [info] fatal: 不是一个 git 仓库（或者任何父目录）：.git
2024-02-23 14:26:09.077 [info] > git rev-parse --show-toplevel [2ms]
2024-02-23 14:26:09.077 [info] fatal: 不是一个 git 仓库（或者任何父目录）：.git
2024-02-23 14:26:30.648 [info] > git rev-parse --show-toplevel [1ms]
2024-02-23 14:26:30.648 [info] fatal: 不是一个 git 仓库（或者任何父目录）：.git
2024-02-23 14:28:46.046 [info] > git rev-parse --show-toplevel [1ms]
2024-02-23 14:28:46.046 [info] fatal: 不是一个 git 仓库（或者任何父目录）：.git
2024-02-23 14:28:55.296 [info] > git rev-parse --show-toplevel [1ms]
2024-02-23 14:28:55.296 [info] fatal: 不是一个 git 仓库（或者任何父目录）：.git
2024-02-23 14:29:04.358 [info] > git rev-parse --show-toplevel [0ms]
2024-02-23 14:29:04.358 [info] fatal: 不是一个 git 仓库（或者任何父目录）：.git
2024-02-23 14:29:07.674 [info] > git rev-parse --show-toplevel [1ms]
2024-02-23 14:29:07.674 [info] fatal: 不是一个 git 仓库（或者任何父目录）：.git
2024-02-23 14:29:09.413 [info] > git rev-parse --show-toplevel [1ms]
2024-02-23 14:29:09.413 [info] fatal: 不是一个 git 仓库（或者任何父目录）：.git
2024-02-23 14:29:33.522 [info] > git rev-parse --show-toplevel [1ms]
2024-02-23 14:29:33.522 [info] fatal: 不是一个 git 仓库（或者任何父目录）：.git
2024-02-23 14:51:28.528 [info] > git rev-parse --show-toplevel [1ms]
2024-02-23 14:51:28.528 [info] fatal: 不是一个 git 仓库（或者任何父目录）：.git
2024-02-23 14:53:11.182 [info] > git rev-parse --show-toplevel [1ms]
2024-02-23 14:53:11.182 [info] fatal: 不是一个 git 仓库（或者任何父目录）：.git
2024-02-23 14:53:38.856 [info] > git rev-parse --show-toplevel [1ms]
2024-02-23 14:53:38.856 [info] fatal: 不是一个 git 仓库（或者任何父目录）：.git
2024-02-23 15:20:06.573 [info] > git rev-parse --show-toplevel [1ms]
2024-02-23 15:20:06.573 [info] fatal: 不是一个 git 仓库（或者任何父目录）：.git
2024-02-23 15:22:49.873 [info] > git rev-parse --show-toplevel [2ms]
2024-02-23 15:22:49.873 [info] fatal: 不是一个 git 仓库（或者任何父目录）：.git
2024-02-23 15:22:53.638 [info] > git rev-parse --show-toplevel [1ms]
2024-02-23 15:22:53.638 [info] fatal: 不是一个 git 仓库（或者任何父目录）：.git
2024-02-23 15:22:54.042 [info] > git rev-parse --show-toplevel [1ms]
2024-02-23 15:22:54.042 [info] fatal: 不是一个 git 仓库（或者任何父目录）：.git
2024-02-23 15:22:58.174 [info] > git rev-parse --show-toplevel [3ms]
2024-02-23 15:22:58.175 [info] fatal: 不是一个 git 仓库（或者任何父目录）：.git
2024-02-23 15:22:58.844 [info] > git rev-parse --show-toplevel [1ms]
2024-02-23 15:22:58.844 [info] fatal: 不是一个 git 仓库（或者任何父目录）：.git
2024-02-23 15:23:02.957 [info] > git rev-parse --show-toplevel [2ms]
2024-02-23 15:23:02.957 [info] fatal: 不是一个 git 仓库（或者任何父目录）：.git
2024-02-23 15:23:08.448 [info] > git rev-parse --show-toplevel [1ms]
2024-02-23 15:23:08.448 [info] fatal: 不是一个 git 仓库（或者任何父目录）：.git
2024-02-23 15:23:10.911 [info] > git rev-parse --show-toplevel [1ms]
2024-02-23 15:23:10.911 [info] fatal: 不是一个 git 仓库（或者任何父目录）：.git
2024-02-23 15:23:13.029 [info] > git rev-parse --show-toplevel [2ms]
2024-02-23 15:23:13.029 [info] fatal: 不是一个 git 仓库（或者任何父目录）：.git
2024-02-23 15:23:29.838 [info] > git rev-parse --show-toplevel [1ms]
2024-02-23 15:23:29.838 [info] fatal: 不是一个 git 仓库（或者任何父目录）：.git
2024-02-23 15:23:31.299 [info] > git rev-parse --show-toplevel [1ms]
2024-02-23 15:23:31.299 [info] fatal: 不是一个 git 仓库（或者任何父目录）：.git
2024-02-23 15:23:47.934 [info] > git rev-parse --show-toplevel [1ms]
2024-02-23 15:23:47.934 [info] fatal: 不是一个 git 仓库（或者任何父目录）：.git
2024-02-23 15:23:48.900 [info] > git rev-parse --show-toplevel [1ms]
2024-02-23 15:23:48.900 [info] fatal: 不是一个 git 仓库（或者任何父目录）：.git
2024-02-23 15:23:54.001 [info] > git rev-parse --show-toplevel [2ms]
2024-02-23 15:23:54.001 [info] fatal: 不是一个 git 仓库（或者任何父目录）：.git
2024-02-23 15:23:55.123 [info] > git rev-parse --show-toplevel [1ms]
2024-02-23 15:23:55.123 [info] fatal: 不是一个 git 仓库（或者任何父目录）：.git
2024-02-23 15:23:57.540 [info] > git rev-parse --show-toplevel [2ms]
2024-02-23 15:23:57.540 [info] fatal: 不是一个 git 仓库（或者任何父目录）：.git
2024-02-23 15:23:59.400 [info] > git rev-parse --show-toplevel [1ms]
2024-02-23 15:23:59.400 [info] fatal: 不是一个 git 仓库（或者任何父目录）：.git
2024-02-23 15:24:03.549 [info] > git rev-parse --show-toplevel [2ms]
2024-02-23 15:24:03.549 [info] fatal: 不是一个 git 仓库（或者任何父目录）：.git
2024-02-23 15:57:07.459 [info] > git rev-parse --show-toplevel [1ms]
2024-02-23 15:57:07.459 [info] fatal: 不是一个 git 仓库（或者任何父目录）：.git
2024-02-23 15:57:08.488 [info] > git rev-parse --show-toplevel [1ms]
2024-02-23 15:57:08.488 [info] fatal: 不是一个 git 仓库（或者任何父目录）：.git
2024-02-23 15:57:09.492 [info] > git rev-parse --show-toplevel [2ms]
2024-02-23 15:57:09.492 [info] fatal: 不是一个 git 仓库（或者任何父目录）：.git
2024-02-23 15:57:10.886 [info] > git rev-parse --show-toplevel [1ms]
2024-02-23 15:57:10.886 [info] fatal: 不是一个 git 仓库（或者任何父目录）：.git
2024-02-23 15:57:13.065 [info] > git rev-parse --show-toplevel [1ms]
2024-02-23 15:57:13.065 [info] fatal: 不是一个 git 仓库（或者任何父目录）：.git
2024-02-23 15:57:14.596 [info] > git rev-parse --show-toplevel [1ms]
2024-02-23 15:57:14.596 [info] fatal: 不是一个 git 仓库（或者任何父目录）：.git
2024-02-23 15:57:15.965 [info] > git rev-parse --show-toplevel [2ms]
2024-02-23 15:57:15.965 [info] fatal: 不是一个 git 仓库（或者任何父目录）：.git
2024-02-23 15:57:16.885 [info] > git rev-parse --show-toplevel [1ms]
2024-02-23 15:57:16.885 [info] fatal: 不是一个 git 仓库（或者任何父目录）：.git
2024-02-23 15:57:17.629 [info] > git rev-parse --show-toplevel [1ms]
2024-02-23 15:57:17.629 [info] fatal: 不是一个 git 仓库（或者任何父目录）：.git
2024-02-23 15:57:19.115 [info] > git rev-parse --show-toplevel [2ms]
2024-02-23 15:57:19.115 [info] fatal: 不是一个 git 仓库（或者任何父目录）：.git
2024-02-23 15:57:23.253 [info] > git rev-parse --show-toplevel [1ms]
2024-02-23 15:57:23.253 [info] fatal: 不是一个 git 仓库（或者任何父目录）：.git
2024-02-23 15:57:24.450 [info] > git rev-parse --show-toplevel [3ms]
2024-02-23 15:57:24.450 [info] fatal: 不是一个 git 仓库（或者任何父目录）：.git
2024-02-23 15:57:25.494 [info] > git rev-parse --show-toplevel [1ms]
2024-02-23 15:57:25.494 [info] fatal: 不是一个 git 仓库（或者任何父目录）：.git
2024-02-23 15:57:26.218 [info] > git rev-parse --show-toplevel [2ms]
2024-02-23 15:57:26.218 [info] fatal: 不是一个 git 仓库（或者任何父目录）：.git
2024-02-23 15:59:56.159 [info] > git rev-parse --show-toplevel [1ms]
2024-02-23 15:59:56.159 [info] fatal: 不是一个 git 仓库（或者任何父目录）：.git
2024-02-23 15:59:57.552 [info] > git rev-parse --show-toplevel [1ms]
2024-02-23 15:59:57.552 [info] fatal: 不是一个 git 仓库（或者任何父目录）：.git
2024-02-23 16:00:00.234 [info] > git rev-parse --show-toplevel [2ms]
2024-02-23 16:00:00.234 [info] fatal: 不是一个 git 仓库（或者任何父目录）：.git
2024-02-23 16:00:02.330 [info] > git rev-parse --show-toplevel [1ms]
2024-02-23 16:00:02.330 [info] fatal: 不是一个 git 仓库（或者任何父目录）：.git
2024-02-23 16:00:04.216 [info] > git rev-parse --show-toplevel [1ms]
2024-02-23 16:00:04.216 [info] fatal: 不是一个 git 仓库（或者任何父目录）：.git
2024-02-23 16:00:06.140 [info] > git rev-parse --show-toplevel [1ms]
2024-02-23 16:00:06.140 [info] fatal: 不是一个 git 仓库（或者任何父目录）：.git
2024-02-23 16:00:09.779 [info] > git rev-parse --show-toplevel [1ms]
2024-02-23 16:00:09.779 [info] fatal: 不是一个 git 仓库（或者任何父目录）：.git
2024-02-23 16:00:12.169 [info] > git rev-parse --show-toplevel [1ms]
2024-02-23 16:00:12.169 [info] fatal: 不是一个 git 仓库（或者任何父目录）：.git
2024-02-23 16:00:16.158 [info] > git rev-parse --show-toplevel [1ms]
2024-02-23 16:00:16.158 [info] fatal: 不是一个 git 仓库（或者任何父目录）：.git
2024-02-23 16:00:17.594 [info] > git rev-parse --show-toplevel [1ms]
2024-02-23 16:00:17.594 [info] fatal: 不是一个 git 仓库（或者任何父目录）：.git
2024-02-23 16:00:19.388 [info] > git rev-parse --show-toplevel [1ms]
2024-02-23 16:00:19.388 [info] fatal: 不是一个 git 仓库（或者任何父目录）：.git
2024-02-23 16:00:22.324 [info] > git rev-parse --show-toplevel [1ms]
2024-02-23 16:00:22.324 [info] fatal: 不是一个 git 仓库（或者任何父目录）：.git
2024-02-23 16:00:23.821 [info] > git rev-parse --show-toplevel [2ms]
2024-02-23 16:00:23.821 [info] fatal: 不是一个 git 仓库（或者任何父目录）：.git
2024-02-23 16:00:25.196 [info] > git rev-parse --show-toplevel [0ms]
2024-02-23 16:00:25.196 [info] fatal: 不是一个 git 仓库（或者任何父目录）：.git
2024-02-23 16:00:26.896 [info] > git rev-parse --show-toplevel [1ms]
2024-02-23 16:00:26.896 [info] fatal: 不是一个 git 仓库（或者任何父目录）：.git
2024-02-23 16:00:30.336 [info] > git rev-parse --show-toplevel [1ms]
2024-02-23 16:00:30.336 [info] fatal: 不是一个 git 仓库（或者任何父目录）：.git
2024-02-23 16:00:32.926 [info] > git rev-parse --show-toplevel [1ms]
2024-02-23 16:00:32.926 [info] fatal: 不是一个 git 仓库（或者任何父目录）：.git
2024-02-23 16:00:34.162 [info] > git rev-parse --show-toplevel [1ms]
2024-02-23 16:00:34.162 [info] fatal: 不是一个 git 仓库（或者任何父目录）：.git
2024-02-23 16:00:35.331 [info] > git rev-parse --show-toplevel [1ms]
2024-02-23 16:00:35.331 [info] fatal: 不是一个 git 仓库（或者任何父目录）：.git
2024-02-23 16:00:37.518 [info] > git rev-parse --show-toplevel [1ms]
2024-02-23 16:00:37.518 [info] fatal: 不是一个 git 仓库（或者任何父目录）：.git
2024-02-23 16:00:40.785 [info] > git rev-parse --show-toplevel [1ms]
2024-02-23 16:00:40.785 [info] fatal: 不是一个 git 仓库（或者任何父目录）：.git
2024-02-23 16:00:42.370 [info] > git rev-parse --show-toplevel [2ms]
2024-02-23 16:00:42.370 [info] fatal: 不是一个 git 仓库（或者任何父目录）：.git
2024-02-23 16:00:50.385 [info] > git rev-parse --show-toplevel [1ms]
2024-02-23 16:00:50.385 [info] fatal: 不是一个 git 仓库（或者任何父目录）：.git
2024-02-23 16:00:57.158 [info] > git rev-parse --show-toplevel [1ms]
2024-02-23 16:00:57.158 [info] fatal: 不是一个 git 仓库（或者任何父目录）：.git
2024-02-23 16:01:00.643 [info] > git rev-parse --show-toplevel [1ms]
2024-02-23 16:01:00.643 [info] fatal: 不是一个 git 仓库（或者任何父目录）：.git
2024-02-23 16:01:02.333 [info] > git rev-parse --show-toplevel [1ms]
2024-02-23 16:01:02.333 [info] fatal: 不是一个 git 仓库（或者任何父目录）：.git
2024-02-23 16:01:05.353 [info] > git rev-parse --show-toplevel [2ms]
2024-02-23 16:01:05.353 [info] fatal: 不是一个 git 仓库（或者任何父目录）：.git
2024-02-23 16:01:09.022 [info] > git rev-parse --show-toplevel [1ms]
2024-02-23 16:01:09.022 [info] fatal: 不是一个 git 仓库（或者任何父目录）：.git
2024-02-23 16:01:12.587 [info] > git rev-parse --show-toplevel [1ms]
2024-02-23 16:01:12.587 [info] fatal: 不是一个 git 仓库（或者任何父目录）：.git
2024-02-23 16:01:56.524 [info] > git rev-parse --show-toplevel [1ms]
2024-02-23 16:01:56.525 [info] fatal: 不是一个 git 仓库（或者任何父目录）：.git
2024-02-23 16:01:59.169 [info] > git rev-parse --show-toplevel [2ms]
2024-02-23 16:01:59.170 [info] fatal: 不是一个 git 仓库（或者任何父目录）：.git
2024-02-23 16:02:00.971 [info] > git rev-parse --show-toplevel [1ms]
2024-02-23 16:02:00.971 [info] fatal: 不是一个 git 仓库（或者任何父目录）：.git
2024-02-23 16:02:05.406 [info] > git rev-parse --show-toplevel [1ms]
2024-02-23 16:02:05.406 [info] fatal: 不是一个 git 仓库（或者任何父目录）：.git
2024-02-23 16:02:11.915 [info] > git rev-parse --show-toplevel [1ms]
2024-02-23 16:02:11.915 [info] fatal: 不是一个 git 仓库（或者任何父目录）：.git
2024-02-23 16:02:18.081 [info] > git rev-parse --show-toplevel [4ms]
2024-02-23 16:02:18.081 [info] fatal: 不是一个 git 仓库（或者任何父目录）：.git
2024-02-23 16:02:23.495 [info] > git rev-parse --show-toplevel [1ms]
2024-02-23 16:02:23.495 [info] fatal: 不是一个 git 仓库（或者任何父目录）：.git
2024-02-23 16:02:28.174 [info] > git rev-parse --show-toplevel [1ms]
2024-02-23 16:02:28.175 [info] fatal: 不是一个 git 仓库（或者任何父目录）：.git
2024-02-23 16:02:32.127 [info] > git rev-parse --show-toplevel [1ms]
2024-02-23 16:02:32.127 [info] fatal: 不是一个 git 仓库（或者任何父目录）：.git
2024-02-23 16:02:34.728 [info] > git rev-parse --show-toplevel [1ms]
2024-02-23 16:02:34.728 [info] fatal: 不是一个 git 仓库（或者任何父目录）：.git
2024-02-23 16:08:37.566 [info] > git rev-parse --show-toplevel [1ms]
2024-02-23 16:08:37.566 [info] fatal: 不是一个 git 仓库（或者任何父目录）：.git
2024-02-23 16:08:40.427 [info] > git rev-parse --show-toplevel [1ms]
2024-02-23 16:08:40.427 [info] fatal: 不是一个 git 仓库（或者任何父目录）：.git
2024-02-23 16:08:41.329 [info] > git rev-parse --show-toplevel [0ms]
2024-02-23 16:08:41.329 [info] fatal: 不是一个 git 仓库（或者任何父目录）：.git
2024-02-23 16:08:41.998 [info] > git rev-parse --show-toplevel [1ms]
2024-02-23 16:08:41.998 [info] fatal: 不是一个 git 仓库（或者任何父目录）：.git
2024-02-23 16:08:42.773 [info] > git rev-parse --show-toplevel [1ms]
2024-02-23 16:08:42.773 [info] fatal: 不是一个 git 仓库（或者任何父目录）：.git
2024-02-23 16:08:46.354 [info] > git rev-parse --show-toplevel [2ms]
2024-02-23 16:08:46.354 [info] fatal: 不是一个 git 仓库（或者任何父目录）：.git
2024-02-23 16:08:47.746 [info] > git rev-parse --show-toplevel [2ms]
2024-02-23 16:08:47.746 [info] fatal: 不是一个 git 仓库（或者任何父目录）：.git
2024-02-23 16:08:49.043 [info] > git rev-parse --show-toplevel [2ms]
2024-02-23 16:08:49.043 [info] fatal: 不是一个 git 仓库（或者任何父目录）：.git
2024-02-23 16:08:49.845 [info] > git rev-parse --show-toplevel [2ms]
2024-02-23 16:08:49.845 [info] fatal: 不是一个 git 仓库（或者任何父目录）：.git
2024-02-23 16:08:54.752 [info] > git rev-parse --show-toplevel [2ms]
2024-02-23 16:08:54.752 [info] fatal: 不是一个 git 仓库（或者任何父目录）：.git
2024-02-23 16:08:56.820 [info] > git rev-parse --show-toplevel [0ms]
2024-02-23 16:08:56.820 [info] fatal: 不是一个 git 仓库（或者任何父目录）：.git
2024-02-23 16:09:00.457 [info] > git rev-parse --show-toplevel [2ms]
2024-02-23 16:09:00.457 [info] fatal: 不是一个 git 仓库（或者任何父目录）：.git
2024-02-23 16:09:01.223 [info] > git rev-parse --show-toplevel [1ms]
2024-02-23 16:09:01.223 [info] fatal: 不是一个 git 仓库（或者任何父目录）：.git
2024-02-23 16:09:05.344 [info] > git rev-parse --show-toplevel [1ms]
2024-02-23 16:09:05.344 [info] fatal: 不是一个 git 仓库（或者任何父目录）：.git
2024-02-23 16:09:11.104 [info] > git rev-parse --show-toplevel [2ms]
2024-02-23 16:09:11.104 [info] fatal: 不是一个 git 仓库（或者任何父目录）：.git
2024-02-23 16:09:12.761 [info] > git rev-parse --show-toplevel [1ms]
2024-02-23 16:09:12.761 [info] fatal: 不是一个 git 仓库（或者任何父目录）：.git
2024-02-23 16:09:14.130 [info] > git rev-parse --show-toplevel [1ms]
2024-02-23 16:09:14.130 [info] fatal: 不是一个 git 仓库（或者任何父目录）：.git
2024-02-23 16:09:14.909 [info] > git rev-parse --show-toplevel [2ms]
2024-02-23 16:09:14.909 [info] fatal: 不是一个 git 仓库（或者任何父目录）：.git
2024-02-23 16:10:10.637 [info] > git rev-parse --show-toplevel [1ms]
2024-02-23 16:10:10.637 [info] fatal: 不是一个 git 仓库（或者任何父目录）：.git
2024-02-23 16:10:16.854 [info] > git rev-parse --show-toplevel [1ms]
2024-02-23 16:10:16.854 [info] fatal: 不是一个 git 仓库（或者任何父目录）：.git
2024-02-23 16:10:29.374 [info] > git rev-parse --show-toplevel [2ms]
2024-02-23 16:10:29.374 [info] fatal: 不是一个 git 仓库（或者任何父目录）：.git
2024-02-23 16:10:39.858 [info] > git rev-parse --show-toplevel [1ms]
2024-02-23 16:10:39.858 [info] fatal: 不是一个 git 仓库（或者任何父目录）：.git
2024-02-23 16:10:46.798 [info] > git rev-parse --show-toplevel [1ms]
2024-02-23 16:10:46.798 [info] fatal: 不是一个 git 仓库（或者任何父目录）：.git
2024-02-23 16:10:48.664 [info] > git rev-parse --show-toplevel [1ms]
2024-02-23 16:10:48.664 [info] fatal: 不是一个 git 仓库（或者任何父目录）：.git
2024-02-23 16:10:55.095 [info] > git rev-parse --show-toplevel [1ms]
2024-02-23 16:10:55.095 [info] fatal: 不是一个 git 仓库（或者任何父目录）：.git
2024-02-23 16:11:01.455 [info] > git rev-parse --show-toplevel [1ms]
2024-02-23 16:11:01.455 [info] fatal: 不是一个 git 仓库（或者任何父目录）：.git
2024-02-23 16:11:04.151 [info] > git rev-parse --show-toplevel [1ms]
2024-02-23 16:11:04.151 [info] fatal: 不是一个 git 仓库（或者任何父目录）：.git
2024-02-23 16:11:08.344 [info] > git rev-parse --show-toplevel [2ms]
2024-02-23 16:11:08.344 [info] fatal: 不是一个 git 仓库（或者任何父目录）：.git
2024-02-23 16:11:10.217 [info] > git rev-parse --show-toplevel [2ms]
2024-02-23 16:11:10.217 [info] fatal: 不是一个 git 仓库（或者任何父目录）：.git
2024-02-23 16:11:16.800 [info] > git rev-parse --show-toplevel [2ms]
2024-02-23 16:11:16.800 [info] fatal: 不是一个 git 仓库（或者任何父目录）：.git
2024-02-23 16:11:21.373 [info] > git rev-parse --show-toplevel [2ms]
2024-02-23 16:11:21.373 [info] fatal: 不是一个 git 仓库（或者任何父目录）：.git
2024-02-23 16:11:25.738 [info] > git rev-parse --show-toplevel [2ms]
2024-02-23 16:11:25.738 [info] fatal: 不是一个 git 仓库（或者任何父目录）：.git
2024-02-23 16:11:28.955 [info] > git rev-parse --show-toplevel [1ms]
2024-02-23 16:11:28.955 [info] fatal: 不是一个 git 仓库（或者任何父目录）：.git
2024-02-23 16:11:31.969 [info] > git rev-parse --show-toplevel [1ms]
2024-02-23 16:11:31.969 [info] fatal: 不是一个 git 仓库（或者任何父目录）：.git
2024-02-23 16:14:06.510 [info] > git rev-parse --show-toplevel [1ms]
2024-02-23 16:14:06.510 [info] fatal: 不是一个 git 仓库（或者任何父目录）：.git
2024-02-23 16:14:12.054 [info] > git rev-parse --show-toplevel [0ms]
2024-02-23 16:14:12.054 [info] fatal: 不是一个 git 仓库（或者任何父目录）：.git
2024-02-23 16:14:23.723 [info] > git rev-parse --show-toplevel [2ms]
2024-02-23 16:14:23.723 [info] fatal: 不是一个 git 仓库（或者任何父目录）：.git
2024-02-23 16:14:37.762 [info] > git rev-parse --show-toplevel [1ms]
2024-02-23 16:14:37.762 [info] fatal: 不是一个 git 仓库（或者任何父目录）：.git
2024-02-23 16:15:11.797 [info] > git rev-parse --show-toplevel [2ms]
2024-02-23 16:15:11.797 [info] fatal: 不是一个 git 仓库（或者任何父目录）：.git
2024-02-23 16:15:12.900 [info] > git rev-parse --show-toplevel [2ms]
2024-02-23 16:15:12.900 [info] fatal: 不是一个 git 仓库（或者任何父目录）：.git
2024-02-23 16:15:14.447 [info] > git rev-parse --show-toplevel [1ms]
2024-02-23 16:15:14.447 [info] fatal: 不是一个 git 仓库（或者任何父目录）：.git
2024-02-23 16:15:20.819 [info] > git rev-parse --show-toplevel [1ms]
2024-02-23 16:15:20.819 [info] fatal: 不是一个 git 仓库（或者任何父目录）：.git
2024-02-23 16:15:21.286 [info] > git rev-parse --show-toplevel [1ms]
2024-02-23 16:15:21.286 [info] fatal: 不是一个 git 仓库（或者任何父目录）：.git
2024-02-23 16:15:23.844 [info] > git rev-parse --show-toplevel [1ms]
2024-02-23 16:15:23.844 [info] fatal: 不是一个 git 仓库（或者任何父目录）：.git
2024-02-23 16:15:25.953 [info] > git rev-parse --show-toplevel [2ms]
2024-02-23 16:15:25.953 [info] fatal: 不是一个 git 仓库（或者任何父目录）：.git
2024-02-23 16:15:28.988 [info] > git rev-parse --show-toplevel [1ms]
2024-02-23 16:15:28.988 [info] fatal: 不是一个 git 仓库（或者任何父目录）：.git
2024-02-23 16:15:32.807 [info] > git rev-parse --show-toplevel [1ms]
2024-02-23 16:15:32.807 [info] fatal: 不是一个 git 仓库（或者任何父目录）：.git
2024-02-23 16:15:53.617 [info] > git rev-parse --show-toplevel [0ms]
2024-02-23 16:15:53.617 [info] fatal: 不是一个 git 仓库（或者任何父目录）：.git
2024-02-23 16:16:26.072 [info] > git rev-parse --show-toplevel [1ms]
2024-02-23 16:16:26.072 [info] fatal: 不是一个 git 仓库（或者任何父目录）：.git
2024-02-23 16:16:33.198 [info] > git rev-parse --show-toplevel [1ms]
2024-02-23 16:16:33.198 [info] fatal: 不是一个 git 仓库（或者任何父目录）：.git
2024-02-23 16:17:52.117 [info] > git rev-parse --show-toplevel [1ms]
2024-02-23 16:17:52.117 [info] fatal: 不是一个 git 仓库（或者任何父目录）：.git
2024-02-23 16:18:03.652 [info] > git rev-parse --show-toplevel [2ms]
2024-02-23 16:18:03.652 [info] fatal: 不是一个 git 仓库（或者任何父目录）：.git
2024-02-23 16:18:14.276 [info] > git rev-parse --show-toplevel [2ms]
2024-02-23 16:18:14.276 [info] fatal: 不是一个 git 仓库（或者任何父目录）：.git
2024-02-23 16:18:15.789 [info] > git rev-parse --show-toplevel [1ms]
2024-02-23 16:18:15.789 [info] fatal: 不是一个 git 仓库（或者任何父目录）：.git
2024-02-23 16:18:18.812 [info] > git rev-parse --show-toplevel [2ms]
2024-02-23 16:18:18.812 [info] fatal: 不是一个 git 仓库（或者任何父目录）：.git
2024-02-23 16:18:20.525 [info] > git rev-parse --show-toplevel [1ms]
2024-02-23 16:18:20.526 [info] fatal: 不是一个 git 仓库（或者任何父目录）：.git
2024-02-23 16:18:25.969 [info] > git rev-parse --show-toplevel [2ms]
2024-02-23 16:18:25.969 [info] fatal: 不是一个 git 仓库（或者任何父目录）：.git
2024-02-23 16:18:35.186 [info] > git rev-parse --show-toplevel [2ms]
2024-02-23 16:18:35.186 [info] fatal: 不是一个 git 仓库（或者任何父目录）：.git
2024-02-23 16:18:37.121 [info] > git rev-parse --show-toplevel [1ms]
2024-02-23 16:18:37.121 [info] fatal: 不是一个 git 仓库（或者任何父目录）：.git
2024-02-23 16:18:44.754 [info] > git rev-parse --show-toplevel [1ms]
2024-02-23 16:18:44.754 [info] fatal: 不是一个 git 仓库（或者任何父目录）：.git
2024-02-23 16:18:46.942 [info] > git rev-parse --show-toplevel [1ms]
2024-02-23 16:18:46.942 [info] fatal: 不是一个 git 仓库（或者任何父目录）：.git
2024-02-23 16:18:48.898 [info] > git rev-parse --show-toplevel [2ms]
2024-02-23 16:18:48.898 [info] fatal: 不是一个 git 仓库（或者任何父目录）：.git
2024-02-23 16:19:11.251 [info] > git rev-parse --show-toplevel [1ms]
2024-02-23 16:19:11.251 [info] fatal: 不是一个 git 仓库（或者任何父目录）：.git
2024-02-23 16:19:16.955 [info] > git rev-parse --show-toplevel [2ms]
2024-02-23 16:19:16.955 [info] fatal: 不是一个 git 仓库（或者任何父目录）：.git
2024-02-23 16:19:22.315 [info] > git rev-parse --show-toplevel [1ms]
2024-02-23 16:19:22.315 [info] fatal: 不是一个 git 仓库（或者任何父目录）：.git
2024-02-23 16:19:24.209 [info] > git rev-parse --show-toplevel [1ms]
2024-02-23 16:19:24.209 [info] fatal: 不是一个 git 仓库（或者任何父目录）：.git
2024-02-23 16:19:25.960 [info] > git rev-parse --show-toplevel [2ms]
2024-02-23 16:19:25.960 [info] fatal: 不是一个 git 仓库（或者任何父目录）：.git
2024-02-23 16:19:28.144 [info] > git rev-parse --show-toplevel [1ms]
2024-02-23 16:19:28.144 [info] fatal: 不是一个 git 仓库（或者任何父目录）：.git
2024-02-23 16:19:29.749 [info] > git rev-parse --show-toplevel [2ms]
2024-02-23 16:19:29.749 [info] fatal: 不是一个 git 仓库（或者任何父目录）：.git
2024-02-23 16:19:30.884 [info] > git rev-parse --show-toplevel [1ms]
2024-02-23 16:19:30.884 [info] fatal: 不是一个 git 仓库（或者任何父目录）：.git
2024-02-23 16:19:34.135 [info] > git rev-parse --show-toplevel [1ms]
2024-02-23 16:19:34.135 [info] fatal: 不是一个 git 仓库（或者任何父目录）：.git
2024-02-23 16:19:38.487 [info] > git rev-parse --show-toplevel [1ms]
2024-02-23 16:19:38.487 [info] fatal: 不是一个 git 仓库（或者任何父目录）：.git
2024-02-23 16:19:42.480 [info] > git rev-parse --show-toplevel [1ms]
2024-02-23 16:19:42.480 [info] fatal: 不是一个 git 仓库（或者任何父目录）：.git
2024-02-23 16:19:45.738 [info] > git rev-parse --show-toplevel [2ms]
2024-02-23 16:19:45.738 [info] fatal: 不是一个 git 仓库（或者任何父目录）：.git
2024-02-23 16:19:47.912 [info] > git rev-parse --show-toplevel [1ms]
2024-02-23 16:19:47.912 [info] fatal: 不是一个 git 仓库（或者任何父目录）：.git
2024-02-23 16:19:51.566 [info] > git rev-parse --show-toplevel [1ms]
2024-02-23 16:19:51.566 [info] fatal: 不是一个 git 仓库（或者任何父目录）：.git
2024-02-23 16:21:00.479 [info] > git rev-parse --show-toplevel [2ms]
2024-02-23 16:21:00.479 [info] fatal: 不是一个 git 仓库（或者任何父目录）：.git
2024-02-23 16:21:10.954 [info] > git rev-parse --show-toplevel [1ms]
2024-02-23 16:21:10.954 [info] fatal: 不是一个 git 仓库（或者任何父目录）：.git
2024-02-23 16:21:13.853 [info] > git rev-parse --show-toplevel [1ms]
2024-02-23 16:21:13.853 [info] fatal: 不是一个 git 仓库（或者任何父目录）：.git
2024-02-23 16:21:17.085 [info] > git rev-parse --show-toplevel [1ms]
2024-02-23 16:21:17.085 [info] fatal: 不是一个 git 仓库（或者任何父目录）：.git
2024-02-23 16:21:22.884 [info] > git rev-parse --show-toplevel [2ms]
2024-02-23 16:21:22.884 [info] fatal: 不是一个 git 仓库（或者任何父目录）：.git
2024-02-23 16:21:24.130 [info] > git rev-parse --show-toplevel [1ms]
2024-02-23 16:21:24.130 [info] fatal: 不是一个 git 仓库（或者任何父目录）：.git
2024-02-23 16:21:25.425 [info] > git rev-parse --show-toplevel [1ms]
2024-02-23 16:21:25.425 [info] fatal: 不是一个 git 仓库（或者任何父目录）：.git
2024-02-23 16:21:26.874 [info] > git rev-parse --show-toplevel [1ms]
2024-02-23 16:21:26.874 [info] fatal: 不是一个 git 仓库（或者任何父目录）：.git
2024-02-23 16:21:29.449 [info] > git rev-parse --show-toplevel [1ms]
2024-02-23 16:21:29.449 [info] fatal: 不是一个 git 仓库（或者任何父目录）：.git
2024-02-23 16:21:31.907 [info] > git rev-parse --show-toplevel [1ms]
2024-02-23 16:21:31.907 [info] fatal: 不是一个 git 仓库（或者任何父目录）：.git
2024-02-23 16:21:33.750 [info] > git rev-parse --show-toplevel [2ms]
2024-02-23 16:21:33.750 [info] fatal: 不是一个 git 仓库（或者任何父目录）：.git
2024-02-23 16:21:38.992 [info] > git rev-parse --show-toplevel [2ms]
2024-02-23 16:21:38.992 [info] fatal: 不是一个 git 仓库（或者任何父目录）：.git
2024-02-23 16:21:41.161 [info] > git rev-parse --show-toplevel [1ms]
2024-02-23 16:21:41.161 [info] fatal: 不是一个 git 仓库（或者任何父目录）：.git
2024-02-23 16:21:44.637 [info] > git rev-parse --show-toplevel [0ms]
2024-02-23 16:21:44.637 [info] fatal: 不是一个 git 仓库（或者任何父目录）：.git
2024-02-23 16:21:52.522 [info] > git rev-parse --show-toplevel [1ms]
2024-02-23 16:21:52.522 [info] fatal: 不是一个 git 仓库（或者任何父目录）：.git
2024-02-23 16:21:56.858 [info] > git rev-parse --show-toplevel [4ms]
2024-02-23 16:21:56.858 [info] fatal: 不是一个 git 仓库（或者任何父目录）：.git
2024-02-23 16:21:58.787 [info] > git rev-parse --show-toplevel [3ms]
2024-02-23 16:21:58.787 [info] fatal: 不是一个 git 仓库（或者任何父目录）：.git
2024-02-23 16:22:01.048 [info] > git rev-parse --show-toplevel [1ms]
2024-02-23 16:22:01.048 [info] fatal: 不是一个 git 仓库（或者任何父目录）：.git
2024-02-23 16:22:05.918 [info] > git rev-parse --show-toplevel [1ms]
2024-02-23 16:22:05.918 [info] fatal: 不是一个 git 仓库（或者任何父目录）：.git
2024-02-23 16:22:13.020 [info] > git rev-parse --show-toplevel [2ms]
2024-02-23 16:22:13.020 [info] fatal: 不是一个 git 仓库（或者任何父目录）：.git
2024-02-23 16:22:55.491 [info] > git rev-parse --show-toplevel [0ms]
2024-02-23 16:22:55.491 [info] fatal: 不是一个 git 仓库（或者任何父目录）：.git
2024-02-23 16:23:10.497 [info] > git rev-parse --show-toplevel [1ms]
2024-02-23 16:23:10.497 [info] fatal: 不是一个 git 仓库（或者任何父目录）：.git
2024-02-23 16:23:18.500 [info] > git rev-parse --show-toplevel [1ms]
2024-02-23 16:23:18.500 [info] fatal: 不是一个 git 仓库（或者任何父目录）：.git
2024-02-23 16:23:26.086 [info] > git rev-parse --show-toplevel [1ms]
2024-02-23 16:23:26.086 [info] fatal: 不是一个 git 仓库（或者任何父目录）：.git
2024-02-23 16:23:26.663 [info] > git rev-parse --show-toplevel [1ms]
2024-02-23 16:23:26.663 [info] fatal: 不是一个 git 仓库（或者任何父目录）：.git
2024-02-23 16:24:28.334 [info] > git rev-parse --show-toplevel [1ms]
2024-02-23 16:24:28.334 [info] fatal: 不是一个 git 仓库（或者任何父目录）：.git
2024-02-23 16:24:38.759 [info] > git rev-parse --show-toplevel [1ms]
2024-02-23 16:24:38.759 [info] fatal: 不是一个 git 仓库（或者任何父目录）：.git
2024-02-23 16:24:58.161 [info] > git rev-parse --show-toplevel [0ms]
2024-02-23 16:24:58.161 [info] fatal: 不是一个 git 仓库（或者任何父目录）：.git
2024-02-23 16:25:03.701 [info] > git rev-parse --show-toplevel [1ms]
2024-02-23 16:25:03.701 [info] fatal: 不是一个 git 仓库（或者任何父目录）：.git
2024-02-23 16:25:05.531 [info] > git rev-parse --show-toplevel [1ms]
2024-02-23 16:25:05.531 [info] fatal: 不是一个 git 仓库（或者任何父目录）：.git
2024-02-23 16:25:13.278 [info] > git rev-parse --show-toplevel [1ms]
2024-02-23 16:25:13.278 [info] fatal: 不是一个 git 仓库（或者任何父目录）：.git
2024-02-23 16:25:21.731 [info] > git rev-parse --show-toplevel [1ms]
2024-02-23 16:25:21.732 [info] fatal: 不是一个 git 仓库（或者任何父目录）：.git
2024-02-23 16:25:24.019 [info] > git rev-parse --show-toplevel [1ms]
2024-02-23 16:25:24.019 [info] fatal: 不是一个 git 仓库（或者任何父目录）：.git
2024-02-23 16:27:04.135 [info] > git rev-parse --show-toplevel [1ms]
2024-02-23 16:27:04.135 [info] fatal: 不是一个 git 仓库（或者任何父目录）：.git
2024-02-23 16:27:04.620 [info] > git rev-parse --show-toplevel [1ms]
2024-02-23 16:27:04.620 [info] fatal: 不是一个 git 仓库（或者任何父目录）：.git
2024-02-23 16:27:06.795 [info] > git rev-parse --show-toplevel [1ms]
2024-02-23 16:27:06.795 [info] fatal: 不是一个 git 仓库（或者任何父目录）：.git
2024-02-23 16:27:10.611 [info] > git rev-parse --show-toplevel [2ms]
2024-02-23 16:27:10.611 [info] fatal: 不是一个 git 仓库（或者任何父目录）：.git
2024-02-23 16:30:04.163 [info] > git rev-parse --show-toplevel [0ms]
2024-02-23 16:30:04.163 [info] fatal: 不是一个 git 仓库（或者任何父目录）：.git
2024-02-23 17:12:02.416 [info] > git rev-parse --show-toplevel [2ms]
2024-02-23 17:12:02.416 [info] fatal: 不是一个 git 仓库（或者任何父目录）：.git
2024-02-23 17:13:07.079 [info] > git rev-parse --show-toplevel [1ms]
2024-02-23 17:13:07.079 [info] fatal: 不是一个 git 仓库（或者任何父目录）：.git
2024-02-23 17:13:14.384 [info] > git rev-parse --show-toplevel [2ms]
2024-02-23 17:13:14.384 [info] fatal: 不是一个 git 仓库（或者任何父目录）：.git
2024-02-23 17:13:15.951 [info] > git rev-parse --show-toplevel [2ms]
2024-02-23 17:13:15.951 [info] fatal: 不是一个 git 仓库（或者任何父目录）：.git
2024-02-23 17:13:21.571 [info] > git rev-parse --show-toplevel [1ms]
2024-02-23 17:13:21.571 [info] fatal: 不是一个 git 仓库（或者任何父目录）：.git
2024-02-23 17:13:24.708 [info] > git rev-parse --show-toplevel [1ms]
2024-02-23 17:13:24.708 [info] fatal: 不是一个 git 仓库（或者任何父目录）：.git
2024-02-23 17:13:26.117 [info] > git rev-parse --show-toplevel [1ms]
2024-02-23 17:13:26.117 [info] fatal: 不是一个 git 仓库（或者任何父目录）：.git
2024-02-23 17:13:40.266 [info] > git rev-parse --show-toplevel [1ms]
2024-02-23 17:13:40.266 [info] fatal: 不是一个 git 仓库（或者任何父目录）：.git
2024-02-23 17:14:04.951 [info] > git rev-parse --show-toplevel [2ms]
2024-02-23 17:14:04.951 [info] fatal: 不是一个 git 仓库（或者任何父目录）：.git
2024-02-23 17:14:09.712 [info] > git rev-parse --show-toplevel [1ms]
2024-02-23 17:14:09.712 [info] fatal: 不是一个 git 仓库（或者任何父目录）：.git
2024-02-23 17:14:10.452 [info] > git rev-parse --show-toplevel [1ms]
2024-02-23 17:14:10.452 [info] fatal: 不是一个 git 仓库（或者任何父目录）：.git
2024-02-23 17:14:10.881 [info] > git rev-parse --show-toplevel [1ms]
2024-02-23 17:14:10.881 [info] fatal: 不是一个 git 仓库（或者任何父目录）：.git
2024-02-23 17:15:39.503 [info] > git rev-parse --show-toplevel [1ms]
2024-02-23 17:15:39.503 [info] fatal: 不是一个 git 仓库（或者任何父目录）：.git
2024-02-23 17:15:44.932 [info] > git rev-parse --show-toplevel [1ms]
2024-02-23 17:15:44.932 [info] fatal: 不是一个 git 仓库（或者任何父目录）：.git
2024-02-23 17:15:58.974 [info] > git rev-parse --show-toplevel [2ms]
2024-02-23 17:15:58.974 [info] fatal: 不是一个 git 仓库（或者任何父目录）：.git
2024-02-23 17:16:04.403 [info] > git rev-parse --show-toplevel [1ms]
2024-02-23 17:16:04.403 [info] fatal: 不是一个 git 仓库（或者任何父目录）：.git
2024-02-23 17:16:40.502 [info] > git rev-parse --show-toplevel [2ms]
2024-02-23 17:16:40.502 [info] fatal: 不是一个 git 仓库（或者任何父目录）：.git
2024-02-23 17:16:42.572 [info] > git rev-parse --show-toplevel [4ms]
2024-02-23 17:16:42.572 [info] fatal: 不是一个 git 仓库（或者任何父目录）：.git
2024-02-23 17:16:43.725 [info] > git rev-parse --show-toplevel [1ms]
2024-02-23 17:16:43.725 [info] fatal: 不是一个 git 仓库（或者任何父目录）：.git
2024-02-23 17:16:44.822 [info] > git rev-parse --show-toplevel [2ms]
2024-02-23 17:16:44.822 [info] fatal: 不是一个 git 仓库（或者任何父目录）：.git
2024-02-23 17:17:12.097 [info] > git rev-parse --show-toplevel [1ms]
2024-02-23 17:17:12.097 [info] fatal: 不是一个 git 仓库（或者任何父目录）：.git
2024-02-23 17:17:12.530 [info] > git rev-parse --show-toplevel [2ms]
2024-02-23 17:17:12.530 [info] fatal: 不是一个 git 仓库（或者任何父目录）：.git
2024-02-23 17:17:28.445 [info] > git rev-parse --show-toplevel [2ms]
2024-02-23 17:17:28.445 [info] fatal: 不是一个 git 仓库（或者任何父目录）：.git
2024-02-23 17:17:34.569 [info] > git rev-parse --show-toplevel [1ms]
2024-02-23 17:17:34.569 [info] fatal: 不是一个 git 仓库（或者任何父目录）：.git
2024-02-23 17:17:55.596 [info] > git rev-parse --show-toplevel [1ms]
2024-02-23 17:17:55.596 [info] fatal: 不是一个 git 仓库（或者任何父目录）：.git
2024-02-23 17:17:59.344 [info] > git rev-parse --show-toplevel [1ms]
2024-02-23 17:17:59.344 [info] fatal: 不是一个 git 仓库（或者任何父目录）：.git
2024-02-23 17:19:24.839 [info] > git rev-parse --show-toplevel [1ms]
2024-02-23 17:19:24.839 [info] fatal: 不是一个 git 仓库（或者任何父目录）：.git
2024-02-23 17:19:43.138 [info] > git rev-parse --show-toplevel [1ms]
2024-02-23 17:19:43.138 [info] fatal: 不是一个 git 仓库（或者任何父目录）：.git
2024-02-23 17:19:54.224 [info] > git rev-parse --show-toplevel [1ms]
2024-02-23 17:19:54.224 [info] fatal: 不是一个 git 仓库（或者任何父目录）：.git
2024-02-23 17:19:59.404 [info] > git rev-parse --show-toplevel [1ms]
2024-02-23 17:19:59.404 [info] fatal: 不是一个 git 仓库（或者任何父目录）：.git
2024-02-23 17:20:02.963 [info] > git rev-parse --show-toplevel [2ms]
2024-02-23 17:20:02.963 [info] fatal: 不是一个 git 仓库（或者任何父目录）：.git
2024-02-23 17:20:10.552 [info] > git rev-parse --show-toplevel [1ms]
2024-02-23 17:20:10.552 [info] fatal: 不是一个 git 仓库（或者任何父目录）：.git
2024-02-23 17:20:13.051 [info] > git rev-parse --show-toplevel [1ms]
2024-02-23 17:20:13.051 [info] fatal: 不是一个 git 仓库（或者任何父目录）：.git
2024-02-23 17:20:17.828 [info] > git rev-parse --show-toplevel [1ms]
2024-02-23 17:20:17.828 [info] fatal: 不是一个 git 仓库（或者任何父目录）：.git
